2024-5-26 16:39:31 - log: Load engine in C:\ProgramData\cocos\editors\Creator\3.8.2\resources\resources\3d\engine
2024-5-26 16:39:32 - log: Profile changed: engine (modules.includeModules: 2d,animation,audio,base,dragon-bones,gfx-webgl,gfx-webgl2,intersection-2d,particle-2d,physics-2d-box2d,profiler,spine,tiled-map,tween,ui,video,webview)
2024-5-26 16:39:32 - log: Register native engine in C:\ProgramData\cocos\editors\Creator\3.8.2\resources\resources\3d\engine\native
2024-5-26 16:40:14 - log: [Scene] meshopt wasm decoder initialized
2024-5-26 16:40:14 - log: [Scene] [box2d]:box2d wasm lib loaded.
2024-5-26 16:40:14 - log: [Scene] [bullet]:bullet wasm lib loaded.
2024-5-26 16:40:15 - log: [Scene] [PHYSICS]: using builtin.
2024-5-26 16:40:15 - log: [Scene] Cocos Creator v3.8.2
2024-5-26 16:40:15 - info: [Scene] Forward render pipeline initialized.
2024-5-26 16:40:15 - warn: [Scene] 
Warning: This is a browser-targeted Firebase bundle but it appears it is being
run in a Node environment.  If running in a Node environment, make sure you
are using the bundle specified by the "main" field in package.json.

If you are using Webpack, you can specify "main" as the first item in
"resolve.mainFields":
https://webpack.js.org/configuration/resolve/#resolvemainfields

If using Rollup, use the rollup-plugin-node-resolve plugin and set "module"
to false and "main" to true:
https://github.com/rollup/rollup-plugin-node-resolve
Error: [Scene] 
Warning: This is a browser-targeted Firebase bundle but it appears it is being
run in a Node environment.  If running in a Node environment, make sure you
are using the bundle specified by the "main" field in package.json.

If you are using Webpack, you can specify "main" as the first item in
"resolve.mainFields":
https://webpack.js.org/configuration/resolve/#resolvemainfields

If using Rollup, use the rollup-plugin-node-resolve plugin and set "module"
to false and "main" to true:
https://github.com/rollup/rollup-plugin-node-resolve

    at C:\Users\USER\OneDrive - NTHU\Information System\Final_Project\Boomboom-Frontier\library\8d\8dcc8914-bd4b-42dc-8d4c-2c4db98de753.js:1743:21
    at C:\Users\USER\OneDrive - NTHU\Information System\Final_Project\Boomboom-Frontier\library\8d\8dcc8914-bd4b-42dc-8d4c-2c4db98de753.js:12:174
    at C:\Users\USER\OneDrive - NTHU\Information System\Final_Project\Boomboom-Frontier\library\8d\8dcc8914-bd4b-42dc-8d4c-2c4db98de753.js:13:6
    at C:\Users\USER\OneDrive - NTHU\Information System\Final_Project\Boomboom-Frontier\library\8d\8dcc8914-bd4b-42dc-8d4c-2c4db98de753.js:38192:6
    at Object.<anonymous> (C:\Users\USER\OneDrive - NTHU\Information System\Final_Project\Boomboom-Frontier\library\8d\8dcc8914-bd4b-42dc-8d4c-2c4db98de753.js:38193:3)
    at Object.<anonymous> (C:\Users\USER\OneDrive - NTHU\Information System\Final_Project\Boomboom-Frontier\library\8d\8dcc8914-bd4b-42dc-8d4c-2c4db98de753.js:38202:3)
    at Module._compile (internal/modules/cjs/loader.js:1078:30)
2024-5-26 16:40:15 - warn: [Scene] 
It looks like you're using the development build of the Firebase JS SDK.
When deploying Firebase apps to production, it is advisable to only import
the individual SDK components you intend to use.

For the CDN builds, these are available in the following manner
(replace <PACKAGE> with the name of a component - i.e. auth, database, etc):

https://www.gstatic.com/firebasejs/5.0.0/firebase-<PACKAGE>.js
Error: [Scene] 
It looks like you're using the development build of the Firebase JS SDK.
When deploying Firebase apps to production, it is advisable to only import
the individual SDK components you intend to use.

For the CDN builds, these are available in the following manner
(replace <PACKAGE> with the name of a component - i.e. auth, database, etc):

https://www.gstatic.com/firebasejs/5.0.0/firebase-<PACKAGE>.js

    at C:\Users\USER\OneDrive - NTHU\Information System\Final_Project\Boomboom-Frontier\library\8d\8dcc8914-bd4b-42dc-8d4c-2c4db98de753.js:25549:78
    at C:\Users\USER\OneDrive - NTHU\Information System\Final_Project\Boomboom-Frontier\library\8d\8dcc8914-bd4b-42dc-8d4c-2c4db98de753.js:12:174
    at C:\Users\USER\OneDrive - NTHU\Information System\Final_Project\Boomboom-Frontier\library\8d\8dcc8914-bd4b-42dc-8d4c-2c4db98de753.js:13:6
    at C:\Users\USER\OneDrive - NTHU\Information System\Final_Project\Boomboom-Frontier\library\8d\8dcc8914-bd4b-42dc-8d4c-2c4db98de753.js:38192:6
    at Object.<anonymous> (C:\Users\USER\OneDrive - NTHU\Information System\Final_Project\Boomboom-Frontier\library\8d\8dcc8914-bd4b-42dc-8d4c-2c4db98de753.js:38193:3)
    at Object.<anonymous> (C:\Users\USER\OneDrive - NTHU\Information System\Final_Project\Boomboom-Frontier\library\8d\8dcc8914-bd4b-42dc-8d4c-2c4db98de753.js:38202:3)
    at Module._compile (internal/modules/cjs/loader.js:1078:30)
2024-5-26 16:40:15 - warn: [Scene] 
Warning: This is a browser-targeted Firebase bundle but it appears it is being
run in a Node environment.  If running in a Node environment, make sure you
are using the bundle specified by the "main" field in package.json.

If you are using Webpack, you can specify "main" as the first item in
"resolve.mainFields":
https://webpack.js.org/configuration/resolve/#resolvemainfields

If using Rollup, use the rollup-plugin-node-resolve plugin and set "module"
to false and "main" to true:
https://github.com/rollup/rollup-plugin-node-resolve
Error: [Scene] 
Warning: This is a browser-targeted Firebase bundle but it appears it is being
run in a Node environment.  If running in a Node environment, make sure you
are using the bundle specified by the "main" field in package.json.

If you are using Webpack, you can specify "main" as the first item in
"resolve.mainFields":
https://webpack.js.org/configuration/resolve/#resolvemainfields

If using Rollup, use the rollup-plugin-node-resolve plugin and set "module"
to false and "main" to true:
https://github.com/rollup/rollup-plugin-node-resolve

    at C:\Users\USER\OneDrive - NTHU\Information System\Final_Project\Boomboom-Frontier\library\8d\8dcc8914-bd4b-42dc-8d4c-2c4db98de753.js:26929:28
    at C:\Users\USER\OneDrive - NTHU\Information System\Final_Project\Boomboom-Frontier\library\8d\8dcc8914-bd4b-42dc-8d4c-2c4db98de753.js:25552:174
    at C:\Users\USER\OneDrive - NTHU\Information System\Final_Project\Boomboom-Frontier\library\8d\8dcc8914-bd4b-42dc-8d4c-2c4db98de753.js:25553:6
    at C:\Users\USER\OneDrive - NTHU\Information System\Final_Project\Boomboom-Frontier\library\8d\8dcc8914-bd4b-42dc-8d4c-2c4db98de753.js:38192:6
    at Object.<anonymous> (C:\Users\USER\OneDrive - NTHU\Information System\Final_Project\Boomboom-Frontier\library\8d\8dcc8914-bd4b-42dc-8d4c-2c4db98de753.js:38193:3)
    at Object.<anonymous> (C:\Users\USER\OneDrive - NTHU\Information System\Final_Project\Boomboom-Frontier\library\8d\8dcc8914-bd4b-42dc-8d4c-2c4db98de753.js:38202:3)
    at Module._compile (internal/modules/cjs/loader.js:1078:30)
2024-5-26 16:40:16 - log: [Scene] [PHYSICS2D]: switch from box2d-wasm to box2d.
2024-5-26 16:40:38 - warn: [Scene] Missing class: 77399xbLolMyJKltviIT0E1Error: [Scene] Missing class: 77399xbLolMyJKltviIT0E1
    at Object.classFinder (C:\ProgramData\cocos\editors\Creator\3.8.2\resources\app.asar\builtin\engine\dist\editor-extends\missing-reporter\missing-class-reporter.ccc:1:2381)
    at _Deserializer.classFinder [as _classFinder] (C:\ProgramData\cocos\editors\Creator\3.8.2\resources\resources\3d\engine\bin\.cache\dev\editor\bundled\index.js:106979:34)
    at _Deserializer._deserializeTypeTaggedObject (C:\ProgramData\cocos\editors\Creator\3.8.2\resources\resources\3d\engine\bin\.cache\dev\editor\bundled\index.js:46654:30)
    at _Deserializer._deserializeObject (C:\ProgramData\cocos\editors\Creator\3.8.2\resources\resources\3d\engine\bin\.cache\dev\editor\bundled\index.js:46608:29)
    at _Deserializer._deserializeAndAssignField (C:\ProgramData\cocos\editors\Creator\3.8.2\resources\resources\3d\engine\bin\.cache\dev\editor\bundled\index.js:46775:38)
    at _Deserializer._deserializeArray (C:\ProgramData\cocos\editors\Creator\3.8.2\resources\resources\3d\engine\bin\.cache\dev\editor\bundled\index.js:46636:40)
    at _Deserializer._deserializeObject (C:\ProgramData\cocos\editors\Creator\3.8.2\resources\resources\3d\engine\bin\.cache\dev\editor\bundled\index.js:46614:29)
2024-5-26 16:40:38 - warn: [Scene] Missing class: 23d52oqORJOlKmCc5CzVTIXError: [Scene] Missing class: 23d52oqORJOlKmCc5CzVTIX
    at Object.classFinder (C:\ProgramData\cocos\editors\Creator\3.8.2\resources\app.asar\builtin\engine\dist\editor-extends\missing-reporter\missing-class-reporter.ccc:1:2381)
    at _Deserializer.classFinder [as _classFinder] (C:\ProgramData\cocos\editors\Creator\3.8.2\resources\resources\3d\engine\bin\.cache\dev\editor\bundled\index.js:106979:34)
    at _Deserializer._deserializeTypeTaggedObject (C:\ProgramData\cocos\editors\Creator\3.8.2\resources\resources\3d\engine\bin\.cache\dev\editor\bundled\index.js:46654:30)
    at _Deserializer._deserializeObject (C:\ProgramData\cocos\editors\Creator\3.8.2\resources\resources\3d\engine\bin\.cache\dev\editor\bundled\index.js:46608:29)
    at _Deserializer._deserializeAndAssignField (C:\ProgramData\cocos\editors\Creator\3.8.2\resources\resources\3d\engine\bin\.cache\dev\editor\bundled\index.js:46775:38)
    at _Deserializer._deserializeArray (C:\ProgramData\cocos\editors\Creator\3.8.2\resources\resources\3d\engine\bin\.cache\dev\editor\bundled\index.js:46636:40)
    at _Deserializer._deserializeObject (C:\ProgramData\cocos\editors\Creator\3.8.2\resources\resources\3d\engine\bin\.cache\dev\editor\bundled\index.js:46614:29)
2024-5-26 16:40:38 - error: [Scene] Script "77399xbLolMyJKltviIT0E1" attached to "Canvas" is missing or invalid. Detailed information:
Node path: "Canvas"
Script UUID: "77399c5b-2e89-4cc8-92a5-b6f8884f4135"
Class ID: "77399xbLolMyJKltviIT0E1"
Error: [Scene] Script "77399xbLolMyJKltviIT0E1" attached to "Canvas" is missing or invalid. Detailed information:
Node path: "Canvas"
Script UUID: "77399c5b-2e89-4cc8-92a5-b6f8884f4135"
Class ID: "77399xbLolMyJKltviIT0E1"

    at report (C:\ProgramData\cocos\editors\Creator\3.8.2\resources\app.asar\builtin\engine\dist\editor-extends\missing-reporter\missing-class-reporter.ccc:1:1393)
    at reportByWalker (C:\ProgramData\cocos\editors\Creator\3.8.2\resources\app.asar\builtin\engine\dist\editor-extends\missing-reporter\missing-class-reporter.ccc:1:1606)
2024-5-26 16:40:38 - error: [Scene] Script "23d52oqORJOlKmCc5CzVTIX" attached to "Canvas" is missing or invalid. Detailed information:
Node path: "Canvas"
Script UUID: "23d52a2a-3912-4e94-a982-7390b3553217"
Class ID: "23d52oqORJOlKmCc5CzVTIX"
Error: [Scene] Script "23d52oqORJOlKmCc5CzVTIX" attached to "Canvas" is missing or invalid. Detailed information:
Node path: "Canvas"
Script UUID: "23d52a2a-3912-4e94-a982-7390b3553217"
Class ID: "23d52oqORJOlKmCc5CzVTIX"

    at report (C:\ProgramData\cocos\editors\Creator\3.8.2\resources\app.asar\builtin\engine\dist\editor-extends\missing-reporter\missing-class-reporter.ccc:1:1393)
    at reportByWalker (C:\ProgramData\cocos\editors\Creator\3.8.2\resources\app.asar\builtin\engine\dist\editor-extends\missing-reporter\missing-class-reporter.ccc:1:1606)
2024-5-26 16:42:04 - warn: [Scene] Missing class: 77399xbLolMyJKltviIT0E1Error: [Scene] Missing class: 77399xbLolMyJKltviIT0E1
    at Object.classFinder (C:\ProgramData\cocos\editors\Creator\3.8.2\resources\app.asar\builtin\engine\dist\editor-extends\missing-reporter\missing-class-reporter.ccc:1:2381)
    at _Deserializer.classFinder [as _classFinder] (C:\ProgramData\cocos\editors\Creator\3.8.2\resources\resources\3d\engine\bin\.cache\dev\editor\bundled\index.js:106979:34)
    at _Deserializer._deserializeTypeTaggedObject (C:\ProgramData\cocos\editors\Creator\3.8.2\resources\resources\3d\engine\bin\.cache\dev\editor\bundled\index.js:46654:30)
    at _Deserializer._deserializeObject (C:\ProgramData\cocos\editors\Creator\3.8.2\resources\resources\3d\engine\bin\.cache\dev\editor\bundled\index.js:46608:29)
    at _Deserializer._deserializeAndAssignField (C:\ProgramData\cocos\editors\Creator\3.8.2\resources\resources\3d\engine\bin\.cache\dev\editor\bundled\index.js:46775:38)
    at _Deserializer._deserializeArray (C:\ProgramData\cocos\editors\Creator\3.8.2\resources\resources\3d\engine\bin\.cache\dev\editor\bundled\index.js:46636:40)
    at _Deserializer._deserializeObject (C:\ProgramData\cocos\editors\Creator\3.8.2\resources\resources\3d\engine\bin\.cache\dev\editor\bundled\index.js:46614:29)
2024-5-26 16:42:04 - warn: [Scene] Missing class: 23d52oqORJOlKmCc5CzVTIXError: [Scene] Missing class: 23d52oqORJOlKmCc5CzVTIX
    at Object.classFinder (C:\ProgramData\cocos\editors\Creator\3.8.2\resources\app.asar\builtin\engine\dist\editor-extends\missing-reporter\missing-class-reporter.ccc:1:2381)
    at _Deserializer.classFinder [as _classFinder] (C:\ProgramData\cocos\editors\Creator\3.8.2\resources\resources\3d\engine\bin\.cache\dev\editor\bundled\index.js:106979:34)
    at _Deserializer._deserializeTypeTaggedObject (C:\ProgramData\cocos\editors\Creator\3.8.2\resources\resources\3d\engine\bin\.cache\dev\editor\bundled\index.js:46654:30)
    at _Deserializer._deserializeObject (C:\ProgramData\cocos\editors\Creator\3.8.2\resources\resources\3d\engine\bin\.cache\dev\editor\bundled\index.js:46608:29)
    at _Deserializer._deserializeAndAssignField (C:\ProgramData\cocos\editors\Creator\3.8.2\resources\resources\3d\engine\bin\.cache\dev\editor\bundled\index.js:46775:38)
    at _Deserializer._deserializeArray (C:\ProgramData\cocos\editors\Creator\3.8.2\resources\resources\3d\engine\bin\.cache\dev\editor\bundled\index.js:46636:40)
    at _Deserializer._deserializeObject (C:\ProgramData\cocos\editors\Creator\3.8.2\resources\resources\3d\engine\bin\.cache\dev\editor\bundled\index.js:46614:29)
2024-5-26 16:42:04 - error: [Scene] Script "77399xbLolMyJKltviIT0E1" attached to "Canvas" is missing or invalid. Detailed information:
Node path: "Canvas"
Script UUID: "77399c5b-2e89-4cc8-92a5-b6f8884f4135"
Class ID: "77399xbLolMyJKltviIT0E1"
Error: [Scene] Script "77399xbLolMyJKltviIT0E1" attached to "Canvas" is missing or invalid. Detailed information:
Node path: "Canvas"
Script UUID: "77399c5b-2e89-4cc8-92a5-b6f8884f4135"
Class ID: "77399xbLolMyJKltviIT0E1"

    at report (C:\ProgramData\cocos\editors\Creator\3.8.2\resources\app.asar\builtin\engine\dist\editor-extends\missing-reporter\missing-class-reporter.ccc:1:1393)
    at reportByWalker (C:\ProgramData\cocos\editors\Creator\3.8.2\resources\app.asar\builtin\engine\dist\editor-extends\missing-reporter\missing-class-reporter.ccc:1:1606)
2024-5-26 16:42:04 - error: [Scene] Script "23d52oqORJOlKmCc5CzVTIX" attached to "Canvas" is missing or invalid. Detailed information:
Node path: "Canvas"
Script UUID: "23d52a2a-3912-4e94-a982-7390b3553217"
Class ID: "23d52oqORJOlKmCc5CzVTIX"
Error: [Scene] Script "23d52oqORJOlKmCc5CzVTIX" attached to "Canvas" is missing or invalid. Detailed information:
Node path: "Canvas"
Script UUID: "23d52a2a-3912-4e94-a982-7390b3553217"
Class ID: "23d52oqORJOlKmCc5CzVTIX"

    at report (C:\ProgramData\cocos\editors\Creator\3.8.2\resources\app.asar\builtin\engine\dist\editor-extends\missing-reporter\missing-class-reporter.ccc:1:1393)
    at reportByWalker (C:\ProgramData\cocos\editors\Creator\3.8.2\resources\app.asar\builtin\engine\dist\editor-extends\missing-reporter\missing-class-reporter.ccc:1:1606)
2024-5-26 16:42:11 - warn: Please set the application in Preferences -> Program Manager -> Default Script Editor to better open the script
2024-5-26 16:47:27 - warn: Please set the application in Preferences -> Program Manager -> Default Script Editor to better open the script
2024-5-26 16:48:07 - warn: [Scene] Missing class: 77399xbLolMyJKltviIT0E1Error: [Scene] Missing class: 77399xbLolMyJKltviIT0E1
    at Object.classFinder (C:\ProgramData\cocos\editors\Creator\3.8.2\resources\app.asar\builtin\engine\dist\editor-extends\missing-reporter\missing-class-reporter.ccc:1:2381)
    at _Deserializer.classFinder [as _classFinder] (C:\ProgramData\cocos\editors\Creator\3.8.2\resources\resources\3d\engine\bin\.cache\dev\editor\bundled\index.js:106979:34)
    at _Deserializer._deserializeTypeTaggedObject (C:\ProgramData\cocos\editors\Creator\3.8.2\resources\resources\3d\engine\bin\.cache\dev\editor\bundled\index.js:46654:30)
    at _Deserializer._deserializeObject (C:\ProgramData\cocos\editors\Creator\3.8.2\resources\resources\3d\engine\bin\.cache\dev\editor\bundled\index.js:46608:29)
    at _Deserializer._deserializeAndAssignField (C:\ProgramData\cocos\editors\Creator\3.8.2\resources\resources\3d\engine\bin\.cache\dev\editor\bundled\index.js:46775:38)
    at _Deserializer._deserializeArray (C:\ProgramData\cocos\editors\Creator\3.8.2\resources\resources\3d\engine\bin\.cache\dev\editor\bundled\index.js:46636:40)
    at _Deserializer._deserializeObject (C:\ProgramData\cocos\editors\Creator\3.8.2\resources\resources\3d\engine\bin\.cache\dev\editor\bundled\index.js:46614:29)
2024-5-26 16:48:07 - warn: [Scene] Missing class: 23d52oqORJOlKmCc5CzVTIXError: [Scene] Missing class: 23d52oqORJOlKmCc5CzVTIX
    at Object.classFinder (C:\ProgramData\cocos\editors\Creator\3.8.2\resources\app.asar\builtin\engine\dist\editor-extends\missing-reporter\missing-class-reporter.ccc:1:2381)
    at _Deserializer.classFinder [as _classFinder] (C:\ProgramData\cocos\editors\Creator\3.8.2\resources\resources\3d\engine\bin\.cache\dev\editor\bundled\index.js:106979:34)
    at _Deserializer._deserializeTypeTaggedObject (C:\ProgramData\cocos\editors\Creator\3.8.2\resources\resources\3d\engine\bin\.cache\dev\editor\bundled\index.js:46654:30)
    at _Deserializer._deserializeObject (C:\ProgramData\cocos\editors\Creator\3.8.2\resources\resources\3d\engine\bin\.cache\dev\editor\bundled\index.js:46608:29)
    at _Deserializer._deserializeAndAssignField (C:\ProgramData\cocos\editors\Creator\3.8.2\resources\resources\3d\engine\bin\.cache\dev\editor\bundled\index.js:46775:38)
    at _Deserializer._deserializeArray (C:\ProgramData\cocos\editors\Creator\3.8.2\resources\resources\3d\engine\bin\.cache\dev\editor\bundled\index.js:46636:40)
    at _Deserializer._deserializeObject (C:\ProgramData\cocos\editors\Creator\3.8.2\resources\resources\3d\engine\bin\.cache\dev\editor\bundled\index.js:46614:29)
2024-5-26 16:48:07 - error: [Scene] Script "77399xbLolMyJKltviIT0E1" attached to "Canvas" is missing or invalid. Detailed information:
Node path: "Canvas"
Script UUID: "77399c5b-2e89-4cc8-92a5-b6f8884f4135"
Class ID: "77399xbLolMyJKltviIT0E1"
Error: [Scene] Script "77399xbLolMyJKltviIT0E1" attached to "Canvas" is missing or invalid. Detailed information:
Node path: "Canvas"
Script UUID: "77399c5b-2e89-4cc8-92a5-b6f8884f4135"
Class ID: "77399xbLolMyJKltviIT0E1"

    at report (C:\ProgramData\cocos\editors\Creator\3.8.2\resources\app.asar\builtin\engine\dist\editor-extends\missing-reporter\missing-class-reporter.ccc:1:1393)
    at reportByWalker (C:\ProgramData\cocos\editors\Creator\3.8.2\resources\app.asar\builtin\engine\dist\editor-extends\missing-reporter\missing-class-reporter.ccc:1:1606)
2024-5-26 16:48:07 - error: [Scene] Script "23d52oqORJOlKmCc5CzVTIX" attached to "Canvas" is missing or invalid. Detailed information:
Node path: "Canvas"
Script UUID: "23d52a2a-3912-4e94-a982-7390b3553217"
Class ID: "23d52oqORJOlKmCc5CzVTIX"
Error: [Scene] Script "23d52oqORJOlKmCc5CzVTIX" attached to "Canvas" is missing or invalid. Detailed information:
Node path: "Canvas"
Script UUID: "23d52a2a-3912-4e94-a982-7390b3553217"
Class ID: "23d52oqORJOlKmCc5CzVTIX"

    at report (C:\ProgramData\cocos\editors\Creator\3.8.2\resources\app.asar\builtin\engine\dist\editor-extends\missing-reporter\missing-class-reporter.ccc:1:1393)
    at reportByWalker (C:\ProgramData\cocos\editors\Creator\3.8.2\resources\app.asar\builtin\engine\dist\editor-extends\missing-reporter\missing-class-reporter.ccc:1:1606)
2024-5-26 16:49:29 - warn: [Scene] Missing class: 77399xbLolMyJKltviIT0E1Error: [Scene] Missing class: 77399xbLolMyJKltviIT0E1
    at Object.classFinder (C:\ProgramData\cocos\editors\Creator\3.8.2\resources\app.asar\builtin\engine\dist\editor-extends\missing-reporter\missing-class-reporter.ccc:1:2381)
    at _Deserializer.classFinder [as _classFinder] (C:\ProgramData\cocos\editors\Creator\3.8.2\resources\resources\3d\engine\bin\.cache\dev\editor\bundled\index.js:106979:34)
    at _Deserializer._deserializeTypeTaggedObject (C:\ProgramData\cocos\editors\Creator\3.8.2\resources\resources\3d\engine\bin\.cache\dev\editor\bundled\index.js:46654:30)
    at _Deserializer._deserializeObject (C:\ProgramData\cocos\editors\Creator\3.8.2\resources\resources\3d\engine\bin\.cache\dev\editor\bundled\index.js:46608:29)
    at _Deserializer._deserializeAndAssignField (C:\ProgramData\cocos\editors\Creator\3.8.2\resources\resources\3d\engine\bin\.cache\dev\editor\bundled\index.js:46775:38)
    at _Deserializer._deserializeArray (C:\ProgramData\cocos\editors\Creator\3.8.2\resources\resources\3d\engine\bin\.cache\dev\editor\bundled\index.js:46636:40)
    at _Deserializer._deserializeObject (C:\ProgramData\cocos\editors\Creator\3.8.2\resources\resources\3d\engine\bin\.cache\dev\editor\bundled\index.js:46614:29)
2024-5-26 16:49:29 - warn: [Scene] Missing class: 23d52oqORJOlKmCc5CzVTIXError: [Scene] Missing class: 23d52oqORJOlKmCc5CzVTIX
    at Object.classFinder (C:\ProgramData\cocos\editors\Creator\3.8.2\resources\app.asar\builtin\engine\dist\editor-extends\missing-reporter\missing-class-reporter.ccc:1:2381)
    at _Deserializer.classFinder [as _classFinder] (C:\ProgramData\cocos\editors\Creator\3.8.2\resources\resources\3d\engine\bin\.cache\dev\editor\bundled\index.js:106979:34)
    at _Deserializer._deserializeTypeTaggedObject (C:\ProgramData\cocos\editors\Creator\3.8.2\resources\resources\3d\engine\bin\.cache\dev\editor\bundled\index.js:46654:30)
    at _Deserializer._deserializeObject (C:\ProgramData\cocos\editors\Creator\3.8.2\resources\resources\3d\engine\bin\.cache\dev\editor\bundled\index.js:46608:29)
    at _Deserializer._deserializeAndAssignField (C:\ProgramData\cocos\editors\Creator\3.8.2\resources\resources\3d\engine\bin\.cache\dev\editor\bundled\index.js:46775:38)
    at _Deserializer._deserializeArray (C:\ProgramData\cocos\editors\Creator\3.8.2\resources\resources\3d\engine\bin\.cache\dev\editor\bundled\index.js:46636:40)
    at _Deserializer._deserializeObject (C:\ProgramData\cocos\editors\Creator\3.8.2\resources\resources\3d\engine\bin\.cache\dev\editor\bundled\index.js:46614:29)
2024-5-26 16:49:29 - error: [Scene] Script "77399xbLolMyJKltviIT0E1" attached to "Canvas" is missing or invalid. Detailed information:
Node path: "Canvas"
Script UUID: "77399c5b-2e89-4cc8-92a5-b6f8884f4135"
Class ID: "77399xbLolMyJKltviIT0E1"
Error: [Scene] Script "77399xbLolMyJKltviIT0E1" attached to "Canvas" is missing or invalid. Detailed information:
Node path: "Canvas"
Script UUID: "77399c5b-2e89-4cc8-92a5-b6f8884f4135"
Class ID: "77399xbLolMyJKltviIT0E1"

    at report (C:\ProgramData\cocos\editors\Creator\3.8.2\resources\app.asar\builtin\engine\dist\editor-extends\missing-reporter\missing-class-reporter.ccc:1:1393)
    at reportByWalker (C:\ProgramData\cocos\editors\Creator\3.8.2\resources\app.asar\builtin\engine\dist\editor-extends\missing-reporter\missing-class-reporter.ccc:1:1606)
2024-5-26 16:49:29 - error: [Scene] Script "23d52oqORJOlKmCc5CzVTIX" attached to "Canvas" is missing or invalid. Detailed information:
Node path: "Canvas"
Script UUID: "23d52a2a-3912-4e94-a982-7390b3553217"
Class ID: "23d52oqORJOlKmCc5CzVTIX"
Error: [Scene] Script "23d52oqORJOlKmCc5CzVTIX" attached to "Canvas" is missing or invalid. Detailed information:
Node path: "Canvas"
Script UUID: "23d52a2a-3912-4e94-a982-7390b3553217"
Class ID: "23d52oqORJOlKmCc5CzVTIX"

    at report (C:\ProgramData\cocos\editors\Creator\3.8.2\resources\app.asar\builtin\engine\dist\editor-extends\missing-reporter\missing-class-reporter.ccc:1:1393)
    at reportByWalker (C:\ProgramData\cocos\editors\Creator\3.8.2\resources\app.asar\builtin\engine\dist\editor-extends\missing-reporter\missing-class-reporter.ccc:1:1606)
2024-5-26 16:51:05 - warn: [Scene] Missing class: 77399xbLolMyJKltviIT0E1Error: [Scene] Missing class: 77399xbLolMyJKltviIT0E1
    at Object.classFinder (C:\ProgramData\cocos\editors\Creator\3.8.2\resources\app.asar\builtin\engine\dist\editor-extends\missing-reporter\missing-class-reporter.ccc:1:2381)
    at _Deserializer.classFinder [as _classFinder] (C:\ProgramData\cocos\editors\Creator\3.8.2\resources\resources\3d\engine\bin\.cache\dev\editor\bundled\index.js:106979:34)
    at _Deserializer._deserializeTypeTaggedObject (C:\ProgramData\cocos\editors\Creator\3.8.2\resources\resources\3d\engine\bin\.cache\dev\editor\bundled\index.js:46654:30)
    at _Deserializer._deserializeObject (C:\ProgramData\cocos\editors\Creator\3.8.2\resources\resources\3d\engine\bin\.cache\dev\editor\bundled\index.js:46608:29)
    at _Deserializer._deserializeAndAssignField (C:\ProgramData\cocos\editors\Creator\3.8.2\resources\resources\3d\engine\bin\.cache\dev\editor\bundled\index.js:46775:38)
    at _Deserializer._deserializeArray (C:\ProgramData\cocos\editors\Creator\3.8.2\resources\resources\3d\engine\bin\.cache\dev\editor\bundled\index.js:46636:40)
    at _Deserializer._deserializeObject (C:\ProgramData\cocos\editors\Creator\3.8.2\resources\resources\3d\engine\bin\.cache\dev\editor\bundled\index.js:46614:29)
2024-5-26 16:51:05 - warn: [Scene] Missing class: 23d52oqORJOlKmCc5CzVTIXError: [Scene] Missing class: 23d52oqORJOlKmCc5CzVTIX
    at Object.classFinder (C:\ProgramData\cocos\editors\Creator\3.8.2\resources\app.asar\builtin\engine\dist\editor-extends\missing-reporter\missing-class-reporter.ccc:1:2381)
    at _Deserializer.classFinder [as _classFinder] (C:\ProgramData\cocos\editors\Creator\3.8.2\resources\resources\3d\engine\bin\.cache\dev\editor\bundled\index.js:106979:34)
    at _Deserializer._deserializeTypeTaggedObject (C:\ProgramData\cocos\editors\Creator\3.8.2\resources\resources\3d\engine\bin\.cache\dev\editor\bundled\index.js:46654:30)
    at _Deserializer._deserializeObject (C:\ProgramData\cocos\editors\Creator\3.8.2\resources\resources\3d\engine\bin\.cache\dev\editor\bundled\index.js:46608:29)
    at _Deserializer._deserializeAndAssignField (C:\ProgramData\cocos\editors\Creator\3.8.2\resources\resources\3d\engine\bin\.cache\dev\editor\bundled\index.js:46775:38)
    at _Deserializer._deserializeArray (C:\ProgramData\cocos\editors\Creator\3.8.2\resources\resources\3d\engine\bin\.cache\dev\editor\bundled\index.js:46636:40)
    at _Deserializer._deserializeObject (C:\ProgramData\cocos\editors\Creator\3.8.2\resources\resources\3d\engine\bin\.cache\dev\editor\bundled\index.js:46614:29)
2024-5-26 16:51:05 - error: [Scene] Script "77399xbLolMyJKltviIT0E1" attached to "Canvas" is missing or invalid. Detailed information:
Node path: "Canvas"
Script UUID: "77399c5b-2e89-4cc8-92a5-b6f8884f4135"
Class ID: "77399xbLolMyJKltviIT0E1"
Error: [Scene] Script "77399xbLolMyJKltviIT0E1" attached to "Canvas" is missing or invalid. Detailed information:
Node path: "Canvas"
Script UUID: "77399c5b-2e89-4cc8-92a5-b6f8884f4135"
Class ID: "77399xbLolMyJKltviIT0E1"

    at report (C:\ProgramData\cocos\editors\Creator\3.8.2\resources\app.asar\builtin\engine\dist\editor-extends\missing-reporter\missing-class-reporter.ccc:1:1393)
    at reportByWalker (C:\ProgramData\cocos\editors\Creator\3.8.2\resources\app.asar\builtin\engine\dist\editor-extends\missing-reporter\missing-class-reporter.ccc:1:1606)
2024-5-26 16:51:05 - error: [Scene] Script "23d52oqORJOlKmCc5CzVTIX" attached to "Canvas" is missing or invalid. Detailed information:
Node path: "Canvas"
Script UUID: "23d52a2a-3912-4e94-a982-7390b3553217"
Class ID: "23d52oqORJOlKmCc5CzVTIX"
Error: [Scene] Script "23d52oqORJOlKmCc5CzVTIX" attached to "Canvas" is missing or invalid. Detailed information:
Node path: "Canvas"
Script UUID: "23d52a2a-3912-4e94-a982-7390b3553217"
Class ID: "23d52oqORJOlKmCc5CzVTIX"

    at report (C:\ProgramData\cocos\editors\Creator\3.8.2\resources\app.asar\builtin\engine\dist\editor-extends\missing-reporter\missing-class-reporter.ccc:1:1393)
    at reportByWalker (C:\ProgramData\cocos\editors\Creator\3.8.2\resources\app.asar\builtin\engine\dist\editor-extends\missing-reporter\missing-class-reporter.ccc:1:1606)
2024-5-26 16:54:24 - warn: [Scene] Missing class: 77399xbLolMyJKltviIT0E1Error: [Scene] Missing class: 77399xbLolMyJKltviIT0E1
    at Object.classFinder (C:\ProgramData\cocos\editors\Creator\3.8.2\resources\app.asar\builtin\engine\dist\editor-extends\missing-reporter\missing-class-reporter.ccc:1:2381)
    at _Deserializer.classFinder [as _classFinder] (C:\ProgramData\cocos\editors\Creator\3.8.2\resources\resources\3d\engine\bin\.cache\dev\editor\bundled\index.js:106979:34)
    at _Deserializer._deserializeTypeTaggedObject (C:\ProgramData\cocos\editors\Creator\3.8.2\resources\resources\3d\engine\bin\.cache\dev\editor\bundled\index.js:46654:30)
    at _Deserializer._deserializeObject (C:\ProgramData\cocos\editors\Creator\3.8.2\resources\resources\3d\engine\bin\.cache\dev\editor\bundled\index.js:46608:29)
    at _Deserializer._deserializeAndAssignField (C:\ProgramData\cocos\editors\Creator\3.8.2\resources\resources\3d\engine\bin\.cache\dev\editor\bundled\index.js:46775:38)
    at _Deserializer._deserializeArray (C:\ProgramData\cocos\editors\Creator\3.8.2\resources\resources\3d\engine\bin\.cache\dev\editor\bundled\index.js:46636:40)
    at _Deserializer._deserializeObject (C:\ProgramData\cocos\editors\Creator\3.8.2\resources\resources\3d\engine\bin\.cache\dev\editor\bundled\index.js:46614:29)
2024-5-26 16:54:24 - error: [Scene] Script "77399xbLolMyJKltviIT0E1" attached to "Canvas" is missing or invalid. Detailed information:
Node path: "Canvas"
Script UUID: "77399c5b-2e89-4cc8-92a5-b6f8884f4135"
Class ID: "77399xbLolMyJKltviIT0E1"
Error: [Scene] Script "77399xbLolMyJKltviIT0E1" attached to "Canvas" is missing or invalid. Detailed information:
Node path: "Canvas"
Script UUID: "77399c5b-2e89-4cc8-92a5-b6f8884f4135"
Class ID: "77399xbLolMyJKltviIT0E1"

    at report (C:\ProgramData\cocos\editors\Creator\3.8.2\resources\app.asar\builtin\engine\dist\editor-extends\missing-reporter\missing-class-reporter.ccc:1:1393)
    at reportByWalker (C:\ProgramData\cocos\editors\Creator\3.8.2\resources\app.asar\builtin\engine\dist\editor-extends\missing-reporter\missing-class-reporter.ccc:1:1606)
2024-5-26 16:56:06 - warn: [Scene] Missing class: 77399xbLolMyJKltviIT0E1Error: [Scene] Missing class: 77399xbLolMyJKltviIT0E1
    at Object.classFinder (C:\ProgramData\cocos\editors\Creator\3.8.2\resources\app.asar\builtin\engine\dist\editor-extends\missing-reporter\missing-class-reporter.ccc:1:2381)
    at _Deserializer.classFinder [as _classFinder] (C:\ProgramData\cocos\editors\Creator\3.8.2\resources\resources\3d\engine\bin\.cache\dev\editor\bundled\index.js:106979:34)
    at _Deserializer._deserializeTypeTaggedObject (C:\ProgramData\cocos\editors\Creator\3.8.2\resources\resources\3d\engine\bin\.cache\dev\editor\bundled\index.js:46654:30)
    at _Deserializer._deserializeObject (C:\ProgramData\cocos\editors\Creator\3.8.2\resources\resources\3d\engine\bin\.cache\dev\editor\bundled\index.js:46608:29)
    at _Deserializer._deserializeAndAssignField (C:\ProgramData\cocos\editors\Creator\3.8.2\resources\resources\3d\engine\bin\.cache\dev\editor\bundled\index.js:46775:38)
    at _Deserializer._deserializeArray (C:\ProgramData\cocos\editors\Creator\3.8.2\resources\resources\3d\engine\bin\.cache\dev\editor\bundled\index.js:46636:40)
    at _Deserializer._deserializeObject (C:\ProgramData\cocos\editors\Creator\3.8.2\resources\resources\3d\engine\bin\.cache\dev\editor\bundled\index.js:46614:29)
2024-5-26 16:56:06 - error: [Scene] Script "77399xbLolMyJKltviIT0E1" attached to "Canvas" is missing or invalid. Detailed information:
Node path: "Canvas"
Script UUID: "77399c5b-2e89-4cc8-92a5-b6f8884f4135"
Class ID: "77399xbLolMyJKltviIT0E1"
Error: [Scene] Script "77399xbLolMyJKltviIT0E1" attached to "Canvas" is missing or invalid. Detailed information:
Node path: "Canvas"
Script UUID: "77399c5b-2e89-4cc8-92a5-b6f8884f4135"
Class ID: "77399xbLolMyJKltviIT0E1"

    at report (C:\ProgramData\cocos\editors\Creator\3.8.2\resources\app.asar\builtin\engine\dist\editor-extends\missing-reporter\missing-class-reporter.ccc:1:1393)
    at reportByWalker (C:\ProgramData\cocos\editors\Creator\3.8.2\resources\app.asar\builtin\engine\dist\editor-extends\missing-reporter\missing-class-reporter.ccc:1:1606)
