[debug] [2024-05-16T04:41:23.942Z] ----------------------------------------------------------------------
[debug] [2024-05-16T04:41:23.944Z] Command:       /opt/homebrew/Cellar/node/21.5.0/bin/node /opt/homebrew/bin/firebase init
[debug] [2024-05-16T04:41:23.944Z] CLI Version:   13.7.5
[debug] [2024-05-16T04:41:23.945Z] Platform:      darwin
[debug] [2024-05-16T04:41:23.945Z] Node Version:  v21.5.0
[debug] [2024-05-16T04:41:23.945Z] Time:          Thu May 16 2024 12:41:23 GMT+0800 (台北標準時間)
[debug] [2024-05-16T04:41:23.945Z] ----------------------------------------------------------------------
[debug] 
[debug] [2024-05-16T04:41:23.946Z] >>> [apiv2][query] GET https://firebase-public.firebaseio.com/cli.json [none]
[debug] [2024-05-16T04:41:23.984Z] > command requires scopes: ["email","openid","https://www.googleapis.com/auth/cloudplatformprojects.readonly","https://www.googleapis.com/auth/firebase","https://www.googleapis.com/auth/cloud-platform"]
[debug] [2024-05-16T04:41:23.984Z] > authorizing via signed-in user (sam111062114@gapp.nthu.edu.tw)
[info] 
     ######## #### ########  ######## ########     ###     ######  ########
     ##        ##  ##     ## ##       ##     ##  ##   ##  ##       ##
     ######    ##  ########  ######   ########  #########  ######  ######
     ##        ##  ##    ##  ##       ##     ## ##     ##       ## ##
     ##       #### ##     ## ######## ########  ##     ##  ######  ########

You're about to initialize a Firebase project in this directory:

  /Users/zhuyixuan/Desktop/AppExp/FinalProj/Boomboom-Frontier

Before we get started, keep in mind:

  * You are initializing within an existing Firebase project directory

[debug] [2024-05-16T04:41:24.365Z] <<< [apiv2][status] GET https://firebase-public.firebaseio.com/cli.json 200
[debug] [2024-05-16T04:41:24.365Z] <<< [apiv2][body] GET https://firebase-public.firebaseio.com/cli.json {"cloudBuildErrorAfter":1594252800000,"cloudBuildWarnAfter":1590019200000,"defaultNode10After":1594252800000,"minVersion":"3.0.5","node8DeploysDisabledAfter":1613390400000,"node8RuntimeDisabledAfter":1615809600000,"node8WarnAfter":1600128000000}
[info] 
=== Project Setup
[info] 
[info] First, let's associate this project directory with a Firebase project.
[info] You can create multiple project aliases by running firebase use --add, 
[info] but for now we'll just set up a default project.
[info] 
[debug] [2024-05-16T04:41:35.453Z] Using project from CLI flag: boomboom-frontier
[debug] [2024-05-16T04:41:35.454Z] > refreshing access token with scopes: []
[debug] [2024-05-16T04:41:35.455Z] >>> [apiv2][query] POST https://www.googleapis.com/oauth2/v3/token [none]
[debug] [2024-05-16T04:41:35.455Z] >>> [apiv2][body] POST https://www.googleapis.com/oauth2/v3/token [omitted]
[debug] [2024-05-16T04:41:40.475Z] <<< [apiv2][status] POST https://www.googleapis.com/oauth2/v3/token 200
[debug] [2024-05-16T04:41:40.476Z] <<< [apiv2][body] POST https://www.googleapis.com/oauth2/v3/token [omitted]
[debug] [2024-05-16T04:41:40.497Z] >>> [apiv2][query] GET https://firebase.googleapis.com/v1beta1/projects/boomboom-frontier [none]
[debug] [2024-05-16T04:41:40.916Z] <<< [apiv2][status] GET https://firebase.googleapis.com/v1beta1/projects/boomboom-frontier 403
[debug] [2024-05-16T04:41:40.916Z] <<< [apiv2][body] GET https://firebase.googleapis.com/v1beta1/projects/boomboom-frontier {"error":{"code":403,"message":"The caller does not have permission","status":"PERMISSION_DENIED"}}
[debug] [2024-05-16T04:41:40.917Z] HTTP Error: 403, The caller does not have permission
[debug] [2024-05-16T04:41:41.875Z] FirebaseError: HTTP Error: 403, The caller does not have permission
    at responseToError (/opt/homebrew/lib/node_modules/firebase-tools/lib/responseToError.js:49:12)
    at RetryOperation._fn (/opt/homebrew/lib/node_modules/firebase-tools/lib/apiv2.js:299:77)
    at process.processTicksAndRejections (node:internal/process/task_queues:95:5)
[error] 
[error] Error: Failed to get Firebase project boomboom-frontier. Please make sure the project exists and your account has permission to access it.
