15:52:28 debug: 2024/6/4 下午3:52:28
15:52:28 debug: Project: /Users/atticus/Desktop/Boom/Boomboom-Frontier
15:52:28 debug: Targets: editor,preview
15:52:28 debug: Incremental file seems great.
15:52:28 debug: Engine path: /Applications/Cocos/Creator/3.8.2/CocosCreator.app/Contents/Resources/resources/3d/engine
15:52:28 debug: Initializing target [Editor]
15:52:28 debug: Loading cache
15:52:28 debug: Loading cache costs 8.476916998624802ms.
15:52:28 debug: Engine features shipped in editor: base,gfx-webgl,gfx-webgl2,gfx-empty,3d,animation,skeletal-animation,2d,ui,particle,particle-2d,physics-framework,physics-2d-framework,physics-2d-box2d-wasm,intersection-2d,primitive,profiler,occlusion-query,geometry-renderer,debug-renderer,audio,video,xr,light-probe,terrain,webview,tween,tiled-map,spine,dragon-bones,marionette,procedural-animation,custom-pipeline,websocket,websocket-server
15:52:28 debug: Our import map(foo:/bar): {
  "imports": {
    "cc": "cce:/internal/x/cc"
  }
}
15:52:28 debug: Initializing target [Preview]
15:52:28 debug: Loading cache
15:52:28 debug: Loading cache costs 2.087790995836258ms.
15:52:28 debug: Our import map(foo:/bar): {
  "imports": {
    "cc": "cce:/internal/x/cc"
  }
}
15:52:29 debug: Sync engine features: 2d,animation,audio,base,dragon-bones,gfx-webgl,gfx-webgl2,intersection-2d,particle-2d,physics-2d-box2d,profiler,spine,tiled-map,tween,ui,video,webview
15:52:29 debug: Reset databases. Enumerated domains: [
  {
    "root": "db://internal/",
    "physical": "/Applications/Cocos/Creator/3.8.2/CocosCreator.app/Contents/Resources/resources/3d/engine/editor/assets"
  },
  {
    "root": "db://assets/",
    "physical": "/Users/atticus/Desktop/Boom/Boomboom-Frontier/assets"
  }
]
15:52:29 debug: Our import map(foo:/bar): {
  "imports": {
    "cc": "cce:/internal/x/cc",
    "db://internal/": "file:///Applications/Cocos/Creator/3.8.2/CocosCreator.app/Contents/Resources/resources/3d/engine/editor/assets/",
    "db://assets/": "file:///Users/atticus/Desktop/Boom/Boomboom-Frontier/assets/"
  }
}
15:52:29 debug: Our import map(foo:/bar): {
  "imports": {
    "cc": "cce:/internal/x/cc",
    "db://internal/": "file:///Applications/Cocos/Creator/3.8.2/CocosCreator.app/Contents/Resources/resources/3d/engine/editor/assets/",
    "db://assets/": "file:///Users/atticus/Desktop/Boom/Boomboom-Frontier/assets/"
  }
}
15:52:29 debug: Pulling asset-db.
15:52:29 debug: Fetch asset-db cost: 14.788500010967255ms.
15:52:29 debug: Build iteration starts.
Number of accumulated asset changes: 20
Feature changed: false
15:52:29 debug: Target(editor) build started.
15:52:29 debug: Detected change: cce:/internal/x/cc. Last mtime: Thu Jan 01 1970 08:00:05 GMT+0800 (台北標準時間), Current mtime: Thu Jan 01 1970 08:00:06 GMT+0800 (台北標準時間)
15:52:29 debug: Inspect cce:/internal/x/cc
15:52:29 debug: Resolve cce:/internal/x/cc-fu/base from cce:/internal/x/cc as external dependency cce:/internal/x/cc-fu/base.
15:52:29 debug: Resolve cce:/internal/x/cc-fu/gfx-webgl from cce:/internal/x/cc as external dependency cce:/internal/x/cc-fu/gfx-webgl.
15:52:29 debug: Resolve cce:/internal/x/cc-fu/gfx-webgl2 from cce:/internal/x/cc as external dependency cce:/internal/x/cc-fu/gfx-webgl2.
15:52:29 debug: Resolve cce:/internal/x/cc-fu/gfx-empty from cce:/internal/x/cc as external dependency cce:/internal/x/cc-fu/gfx-empty.
15:52:29 debug: Resolve cce:/internal/x/cc-fu/3d from cce:/internal/x/cc as external dependency cce:/internal/x/cc-fu/3d.
15:52:29 debug: Resolve cce:/internal/x/cc-fu/animation from cce:/internal/x/cc as external dependency cce:/internal/x/cc-fu/animation.
15:52:29 debug: Resolve cce:/internal/x/cc-fu/skeletal-animation from cce:/internal/x/cc as external dependency cce:/internal/x/cc-fu/skeletal-animation.
15:52:29 debug: Resolve cce:/internal/x/cc-fu/2d from cce:/internal/x/cc as external dependency cce:/internal/x/cc-fu/2d.
15:52:29 debug: Resolve cce:/internal/x/cc-fu/sorting from cce:/internal/x/cc as external dependency cce:/internal/x/cc-fu/sorting.
15:52:29 debug: Resolve cce:/internal/x/cc-fu/ui from cce:/internal/x/cc as external dependency cce:/internal/x/cc-fu/ui.
15:52:29 debug: Resolve cce:/internal/x/cc-fu/particle from cce:/internal/x/cc as external dependency cce:/internal/x/cc-fu/particle.
15:52:29 debug: Resolve cce:/internal/x/cc-fu/particle-2d from cce:/internal/x/cc as external dependency cce:/internal/x/cc-fu/particle-2d.
15:52:29 debug: Resolve cce:/internal/x/cc-fu/physics-framework from cce:/internal/x/cc as external dependency cce:/internal/x/cc-fu/physics-framework.
15:52:29 debug: Resolve cce:/internal/x/cc-fu/physics-2d-framework from cce:/internal/x/cc as external dependency cce:/internal/x/cc-fu/physics-2d-framework.
15:52:29 debug: Resolve cce:/internal/x/cc-fu/physics-2d-box2d-wasm from cce:/internal/x/cc as external dependency cce:/internal/x/cc-fu/physics-2d-box2d-wasm.
15:52:29 debug: Resolve cce:/internal/x/cc-fu/intersection-2d from cce:/internal/x/cc as external dependency cce:/internal/x/cc-fu/intersection-2d.
15:52:29 debug: Resolve cce:/internal/x/cc-fu/primitive from cce:/internal/x/cc as external dependency cce:/internal/x/cc-fu/primitive.
15:52:29 debug: Resolve cce:/internal/x/cc-fu/profiler from cce:/internal/x/cc as external dependency cce:/internal/x/cc-fu/profiler.
15:52:29 debug: Resolve cce:/internal/x/cc-fu/geometry-renderer from cce:/internal/x/cc as external dependency cce:/internal/x/cc-fu/geometry-renderer.
15:52:29 debug: Resolve cce:/internal/x/cc-fu/audio from cce:/internal/x/cc as external dependency cce:/internal/x/cc-fu/audio.
15:52:29 debug: Resolve cce:/internal/x/cc-fu/video from cce:/internal/x/cc as external dependency cce:/internal/x/cc-fu/video.
15:52:29 debug: Resolve cce:/internal/x/cc-fu/xr from cce:/internal/x/cc as external dependency cce:/internal/x/cc-fu/xr.
15:52:29 debug: Resolve cce:/internal/x/cc-fu/light-probe from cce:/internal/x/cc as external dependency cce:/internal/x/cc-fu/light-probe.
15:52:29 debug: Resolve cce:/internal/x/cc-fu/terrain from cce:/internal/x/cc as external dependency cce:/internal/x/cc-fu/terrain.
15:52:29 debug: Resolve cce:/internal/x/cc-fu/webview from cce:/internal/x/cc as external dependency cce:/internal/x/cc-fu/webview.
15:52:29 debug: Resolve cce:/internal/x/cc-fu/tween from cce:/internal/x/cc as external dependency cce:/internal/x/cc-fu/tween.
15:52:29 debug: Resolve cce:/internal/x/cc-fu/tiled-map from cce:/internal/x/cc as external dependency cce:/internal/x/cc-fu/tiled-map.
15:52:29 debug: Resolve cce:/internal/x/cc-fu/spine from cce:/internal/x/cc as external dependency cce:/internal/x/cc-fu/spine.
15:52:29 debug: Resolve cce:/internal/x/cc-fu/dragon-bones from cce:/internal/x/cc as external dependency cce:/internal/x/cc-fu/dragon-bones.
15:52:29 debug: Resolve cce:/internal/x/cc-fu/custom-pipeline from cce:/internal/x/cc as external dependency cce:/internal/x/cc-fu/custom-pipeline.
15:52:29 debug: Detected change: cce:/internal/x/prerequisite-imports. Last mtime: Fri Jan 02 1970 02:53:35 GMT+0800 (台北標準時間), Current mtime: Thu Jan 01 1970 08:00:06 GMT+0800 (台北標準時間)
15:52:29 debug: Inspect cce:/internal/x/prerequisite-imports
15:52:29 debug: Resolve file:///Applications/Cocos/Creator/3.8.2/CocosCreator.app/Contents/Resources/resources/3d/engine/editor/assets/tools/debug-view-runtime-control.ts from cce:/internal/x/prerequisite-imports as file:///Applications/Cocos/Creator/3.8.2/CocosCreator.app/Contents/Resources/resources/3d/engine/editor/assets/tools/debug-view-runtime-control.ts.
15:52:29 debug: Resolve cc from file:///Applications/Cocos/Creator/3.8.2/CocosCreator.app/Contents/Resources/resources/3d/engine/editor/assets/tools/debug-view-runtime-control.ts as cce:/internal/x/cc.
15:52:29 debug: Resolve cc from file:///Applications/Cocos/Creator/3.8.2/CocosCreator.app/Contents/Resources/resources/3d/engine/editor/assets/tools/debug-view-runtime-control.ts as cce:/internal/x/cc.
15:52:29 debug: Resolve cc from file:///Applications/Cocos/Creator/3.8.2/CocosCreator.app/Contents/Resources/resources/3d/engine/editor/assets/tools/debug-view-runtime-control.ts as cce:/internal/x/cc.
15:52:29 debug: Resolve file:///Users/atticus/Desktop/Boom/Boomboom-Frontier/assets/Scripts/Bullet.ts from cce:/internal/x/prerequisite-imports as file:///Users/atticus/Desktop/Boom/Boomboom-Frontier/assets/Scripts/Bullet.ts.
15:52:29 debug: Resolve cce:/internal/code-quality/cr.mjs from file:///Users/atticus/Desktop/Boom/Boomboom-Frontier/assets/Scripts/Bullet.ts as cce:/internal/code-quality/cr.mjs.
15:52:29 debug: Detected change: cce:/internal/code-quality/cr.mjs. Last mtime: Mon Jun 03 2024 20:26:41 GMT+0800 (台北標準時間), Current mtime: Tue Jun 04 2024 15:52:22 GMT+0800 (台北標準時間)
15:52:29 debug: Inspect cce:/internal/code-quality/cr.mjs
15:52:29 debug: Resolve cc from file:///Users/atticus/Desktop/Boom/Boomboom-Frontier/assets/Scripts/Bullet.ts as cce:/internal/x/cc.
15:52:29 debug: Resolve cc from file:///Users/atticus/Desktop/Boom/Boomboom-Frontier/assets/Scripts/Bullet.ts as cce:/internal/x/cc.
15:52:29 debug: Resolve cc from file:///Users/atticus/Desktop/Boom/Boomboom-Frontier/assets/Scripts/Bullet.ts as cce:/internal/x/cc.
15:52:29 debug: Resolve ./Manager/PlayerManager from file:///Users/atticus/Desktop/Boom/Boomboom-Frontier/assets/Scripts/Bullet.ts as file:///Users/atticus/Desktop/Boom/Boomboom-Frontier/assets/Scripts/Manager/PlayerManager.ts.
15:52:29 debug: Resolve cce:/internal/code-quality/cr.mjs from file:///Users/atticus/Desktop/Boom/Boomboom-Frontier/assets/Scripts/Manager/PlayerManager.ts as cce:/internal/code-quality/cr.mjs.
15:52:29 debug: Resolve cc from file:///Users/atticus/Desktop/Boom/Boomboom-Frontier/assets/Scripts/Manager/PlayerManager.ts as cce:/internal/x/cc.
15:52:29 debug: Resolve cc from file:///Users/atticus/Desktop/Boom/Boomboom-Frontier/assets/Scripts/Manager/PlayerManager.ts as cce:/internal/x/cc.
15:52:29 debug: Resolve cc from file:///Users/atticus/Desktop/Boom/Boomboom-Frontier/assets/Scripts/Manager/PlayerManager.ts as cce:/internal/x/cc.
15:52:29 debug: Resolve ./GlobalManager from file:///Users/atticus/Desktop/Boom/Boomboom-Frontier/assets/Scripts/Manager/PlayerManager.ts as file:///Users/atticus/Desktop/Boom/Boomboom-Frontier/assets/Scripts/Manager/GlobalManager.ts.
15:52:29 debug: Resolve cc from file:///Users/atticus/Desktop/Boom/Boomboom-Frontier/assets/Scripts/Manager/GlobalManager.ts as cce:/internal/x/cc.
15:52:29 debug: Resolve cc from file:///Users/atticus/Desktop/Boom/Boomboom-Frontier/assets/Scripts/Manager/GlobalManager.ts as cce:/internal/x/cc.
15:52:29 debug: Resolve cc from file:///Users/atticus/Desktop/Boom/Boomboom-Frontier/assets/Scripts/Manager/GlobalManager.ts as cce:/internal/x/cc.
15:52:29 debug: Resolve ../PlayerPrefab from file:///Users/atticus/Desktop/Boom/Boomboom-Frontier/assets/Scripts/Manager/PlayerManager.ts as file:///Users/atticus/Desktop/Boom/Boomboom-Frontier/assets/Scripts/PlayerPrefab.ts.
15:52:29 debug: Resolve cce:/internal/code-quality/cr.mjs from file:///Users/atticus/Desktop/Boom/Boomboom-Frontier/assets/Scripts/PlayerPrefab.ts as cce:/internal/code-quality/cr.mjs.
15:52:29 debug: Resolve cc from file:///Users/atticus/Desktop/Boom/Boomboom-Frontier/assets/Scripts/PlayerPrefab.ts as cce:/internal/x/cc.
15:52:29 debug: Resolve cc from file:///Users/atticus/Desktop/Boom/Boomboom-Frontier/assets/Scripts/PlayerPrefab.ts as cce:/internal/x/cc.
15:52:29 debug: Resolve cc from file:///Users/atticus/Desktop/Boom/Boomboom-Frontier/assets/Scripts/PlayerPrefab.ts as cce:/internal/x/cc.
15:52:29 debug: Resolve ./Manager/GlobalManager from file:///Users/atticus/Desktop/Boom/Boomboom-Frontier/assets/Scripts/PlayerPrefab.ts as file:///Users/atticus/Desktop/Boom/Boomboom-Frontier/assets/Scripts/Manager/GlobalManager.ts.
15:52:29 debug: Resolve ./Manager/PlayerManager from file:///Users/atticus/Desktop/Boom/Boomboom-Frontier/assets/Scripts/PlayerPrefab.ts as file:///Users/atticus/Desktop/Boom/Boomboom-Frontier/assets/Scripts/Manager/PlayerManager.ts.
15:52:29 debug: Resolve ./Manager/PhotonManager from file:///Users/atticus/Desktop/Boom/Boomboom-Frontier/assets/Scripts/PlayerPrefab.ts as file:///Users/atticus/Desktop/Boom/Boomboom-Frontier/assets/Scripts/Manager/PhotonManager.ts.
15:52:29 debug: Resolve cce:/internal/code-quality/cr.mjs from file:///Users/atticus/Desktop/Boom/Boomboom-Frontier/assets/Scripts/Manager/PhotonManager.ts as cce:/internal/code-quality/cr.mjs.
15:52:29 debug: Resolve cc from file:///Users/atticus/Desktop/Boom/Boomboom-Frontier/assets/Scripts/Manager/PhotonManager.ts as cce:/internal/x/cc.
15:52:29 debug: Resolve cc from file:///Users/atticus/Desktop/Boom/Boomboom-Frontier/assets/Scripts/Manager/PhotonManager.ts as cce:/internal/x/cc.
15:52:29 debug: Resolve cc from file:///Users/atticus/Desktop/Boom/Boomboom-Frontier/assets/Scripts/Manager/PhotonManager.ts as cce:/internal/x/cc.
15:52:29 debug: Resolve ./PlayerManager from file:///Users/atticus/Desktop/Boom/Boomboom-Frontier/assets/Scripts/Manager/PhotonManager.ts as file:///Users/atticus/Desktop/Boom/Boomboom-Frontier/assets/Scripts/Manager/PlayerManager.ts.
15:52:29 debug: Resolve ../PlayerPrefab from file:///Users/atticus/Desktop/Boom/Boomboom-Frontier/assets/Scripts/Manager/PhotonManager.ts as file:///Users/atticus/Desktop/Boom/Boomboom-Frontier/assets/Scripts/PlayerPrefab.ts.
15:52:29 debug: Resolve ./Manager/GameManager from file:///Users/atticus/Desktop/Boom/Boomboom-Frontier/assets/Scripts/PlayerPrefab.ts as file:///Users/atticus/Desktop/Boom/Boomboom-Frontier/assets/Scripts/Manager/GameManager.ts.
15:52:29 debug: Resolve cce:/internal/code-quality/cr.mjs from file:///Users/atticus/Desktop/Boom/Boomboom-Frontier/assets/Scripts/Manager/GameManager.ts as cce:/internal/code-quality/cr.mjs.
15:52:29 debug: Resolve cc from file:///Users/atticus/Desktop/Boom/Boomboom-Frontier/assets/Scripts/Manager/GameManager.ts as cce:/internal/x/cc.
15:52:29 debug: Resolve cc from file:///Users/atticus/Desktop/Boom/Boomboom-Frontier/assets/Scripts/Manager/GameManager.ts as cce:/internal/x/cc.
15:52:29 debug: Resolve cc from file:///Users/atticus/Desktop/Boom/Boomboom-Frontier/assets/Scripts/Manager/GameManager.ts as cce:/internal/x/cc.
15:52:29 debug: Resolve ../PlayerPrefab from file:///Users/atticus/Desktop/Boom/Boomboom-Frontier/assets/Scripts/Manager/GameManager.ts as file:///Users/atticus/Desktop/Boom/Boomboom-Frontier/assets/Scripts/PlayerPrefab.ts.
15:52:29 debug: Resolve ../MultiRoom from file:///Users/atticus/Desktop/Boom/Boomboom-Frontier/assets/Scripts/Manager/PlayerManager.ts as file:///Users/atticus/Desktop/Boom/Boomboom-Frontier/assets/Scripts/MultiRoom.ts.
15:52:29 debug: Resolve cc from file:///Users/atticus/Desktop/Boom/Boomboom-Frontier/assets/Scripts/MultiRoom.ts as cce:/internal/x/cc.
15:52:29 debug: Resolve cc from file:///Users/atticus/Desktop/Boom/Boomboom-Frontier/assets/Scripts/MultiRoom.ts as cce:/internal/x/cc.
15:52:29 debug: Resolve cc from file:///Users/atticus/Desktop/Boom/Boomboom-Frontier/assets/Scripts/MultiRoom.ts as cce:/internal/x/cc.
15:52:29 debug: Resolve ../MultiSelect from file:///Users/atticus/Desktop/Boom/Boomboom-Frontier/assets/Scripts/Manager/PlayerManager.ts as file:///Users/atticus/Desktop/Boom/Boomboom-Frontier/assets/Scripts/MultiSelect.ts.
15:52:29 debug: Resolve cce:/internal/code-quality/cr.mjs from file:///Users/atticus/Desktop/Boom/Boomboom-Frontier/assets/Scripts/MultiSelect.ts as cce:/internal/code-quality/cr.mjs.
15:52:29 debug: Resolve cc from file:///Users/atticus/Desktop/Boom/Boomboom-Frontier/assets/Scripts/MultiSelect.ts as cce:/internal/x/cc.
15:52:29 debug: Resolve cc from file:///Users/atticus/Desktop/Boom/Boomboom-Frontier/assets/Scripts/MultiSelect.ts as cce:/internal/x/cc.
15:52:29 debug: Resolve cc from file:///Users/atticus/Desktop/Boom/Boomboom-Frontier/assets/Scripts/MultiSelect.ts as cce:/internal/x/cc.
15:52:29 debug: Resolve ./MultiRoom from file:///Users/atticus/Desktop/Boom/Boomboom-Frontier/assets/Scripts/MultiSelect.ts as file:///Users/atticus/Desktop/Boom/Boomboom-Frontier/assets/Scripts/MultiRoom.ts.
15:52:29 debug: Resolve ./Manager/PhotonManager from file:///Users/atticus/Desktop/Boom/Boomboom-Frontier/assets/Scripts/MultiSelect.ts as file:///Users/atticus/Desktop/Boom/Boomboom-Frontier/assets/Scripts/Manager/PhotonManager.ts.
15:52:29 debug: Resolve file:///Users/atticus/Desktop/Boom/Boomboom-Frontier/assets/Scripts/CameraFollow.ts from cce:/internal/x/prerequisite-imports as file:///Users/atticus/Desktop/Boom/Boomboom-Frontier/assets/Scripts/CameraFollow.ts.
15:52:29 debug: Resolve cce:/internal/code-quality/cr.mjs from file:///Users/atticus/Desktop/Boom/Boomboom-Frontier/assets/Scripts/CameraFollow.ts as cce:/internal/code-quality/cr.mjs.
15:52:29 debug: Resolve cc from file:///Users/atticus/Desktop/Boom/Boomboom-Frontier/assets/Scripts/CameraFollow.ts as cce:/internal/x/cc.
15:52:29 debug: Resolve cc from file:///Users/atticus/Desktop/Boom/Boomboom-Frontier/assets/Scripts/CameraFollow.ts as cce:/internal/x/cc.
15:52:29 debug: Resolve cc from file:///Users/atticus/Desktop/Boom/Boomboom-Frontier/assets/Scripts/CameraFollow.ts as cce:/internal/x/cc.
15:52:29 debug: Resolve ./Manager/GlobalManager from file:///Users/atticus/Desktop/Boom/Boomboom-Frontier/assets/Scripts/CameraFollow.ts as file:///Users/atticus/Desktop/Boom/Boomboom-Frontier/assets/Scripts/Manager/GlobalManager.ts.
15:52:29 debug: Resolve file:///Users/atticus/Desktop/Boom/Boomboom-Frontier/assets/Scripts/CreateUser.ts from cce:/internal/x/prerequisite-imports as file:///Users/atticus/Desktop/Boom/Boomboom-Frontier/assets/Scripts/CreateUser.ts.
15:52:29 debug: Resolve cc from file:///Users/atticus/Desktop/Boom/Boomboom-Frontier/assets/Scripts/CreateUser.ts as cce:/internal/x/cc.
15:52:29 debug: Resolve cc from file:///Users/atticus/Desktop/Boom/Boomboom-Frontier/assets/Scripts/CreateUser.ts as cce:/internal/x/cc.
15:52:29 debug: Resolve cc from file:///Users/atticus/Desktop/Boom/Boomboom-Frontier/assets/Scripts/CreateUser.ts as cce:/internal/x/cc.
15:52:29 debug: Resolve file:///Users/atticus/Desktop/Boom/Boomboom-Frontier/assets/Scripts/Manager/GameManager.ts from cce:/internal/x/prerequisite-imports as file:///Users/atticus/Desktop/Boom/Boomboom-Frontier/assets/Scripts/Manager/GameManager.ts.
15:52:29 debug: Resolve file:///Users/atticus/Desktop/Boom/Boomboom-Frontier/assets/Scripts/Manager/GlobalManager.ts from cce:/internal/x/prerequisite-imports as file:///Users/atticus/Desktop/Boom/Boomboom-Frontier/assets/Scripts/Manager/GlobalManager.ts.
15:52:29 debug: Resolve file:///Users/atticus/Desktop/Boom/Boomboom-Frontier/assets/Scripts/Manager/PhotonManager.ts from cce:/internal/x/prerequisite-imports as file:///Users/atticus/Desktop/Boom/Boomboom-Frontier/assets/Scripts/Manager/PhotonManager.ts.
15:52:29 debug: Resolve file:///Users/atticus/Desktop/Boom/Boomboom-Frontier/assets/Scripts/Manager/PlayerManager.ts from cce:/internal/x/prerequisite-imports as file:///Users/atticus/Desktop/Boom/Boomboom-Frontier/assets/Scripts/Manager/PlayerManager.ts.
15:52:29 debug: Resolve file:///Users/atticus/Desktop/Boom/Boomboom-Frontier/assets/Scripts/Manager/SelectPlayer.ts from cce:/internal/x/prerequisite-imports as file:///Users/atticus/Desktop/Boom/Boomboom-Frontier/assets/Scripts/Manager/SelectPlayer.ts.
15:52:29 debug: Resolve cce:/internal/code-quality/cr.mjs from file:///Users/atticus/Desktop/Boom/Boomboom-Frontier/assets/Scripts/Manager/SelectPlayer.ts as cce:/internal/code-quality/cr.mjs.
15:52:29 debug: Resolve cc from file:///Users/atticus/Desktop/Boom/Boomboom-Frontier/assets/Scripts/Manager/SelectPlayer.ts as cce:/internal/x/cc.
15:52:29 debug: Resolve cc from file:///Users/atticus/Desktop/Boom/Boomboom-Frontier/assets/Scripts/Manager/SelectPlayer.ts as cce:/internal/x/cc.
15:52:29 debug: Resolve cc from file:///Users/atticus/Desktop/Boom/Boomboom-Frontier/assets/Scripts/Manager/SelectPlayer.ts as cce:/internal/x/cc.
15:52:29 debug: Resolve ./GlobalManager from file:///Users/atticus/Desktop/Boom/Boomboom-Frontier/assets/Scripts/Manager/SelectPlayer.ts as file:///Users/atticus/Desktop/Boom/Boomboom-Frontier/assets/Scripts/Manager/GlobalManager.ts.
15:52:29 debug: Resolve file:///Users/atticus/Desktop/Boom/Boomboom-Frontier/assets/Scripts/MultiRoom.ts from cce:/internal/x/prerequisite-imports as file:///Users/atticus/Desktop/Boom/Boomboom-Frontier/assets/Scripts/MultiRoom.ts.
15:52:29 debug: Resolve file:///Users/atticus/Desktop/Boom/Boomboom-Frontier/assets/Scripts/MultiSelect.ts from cce:/internal/x/prerequisite-imports as file:///Users/atticus/Desktop/Boom/Boomboom-Frontier/assets/Scripts/MultiSelect.ts.
15:52:29 debug: Resolve file:///Users/atticus/Desktop/Boom/Boomboom-Frontier/assets/Scripts/PlayerPrefab.ts from cce:/internal/x/prerequisite-imports as file:///Users/atticus/Desktop/Boom/Boomboom-Frontier/assets/Scripts/PlayerPrefab.ts.
15:52:29 debug: Resolve file:///Users/atticus/Desktop/Boom/Boomboom-Frontier/assets/Scripts/Ranking.ts from cce:/internal/x/prerequisite-imports as file:///Users/atticus/Desktop/Boom/Boomboom-Frontier/assets/Scripts/Ranking.ts.
15:52:29 debug: Resolve cc from file:///Users/atticus/Desktop/Boom/Boomboom-Frontier/assets/Scripts/Ranking.ts as cce:/internal/x/cc.
15:52:29 debug: Resolve cc from file:///Users/atticus/Desktop/Boom/Boomboom-Frontier/assets/Scripts/Ranking.ts as cce:/internal/x/cc.
15:52:29 debug: Resolve cc from file:///Users/atticus/Desktop/Boom/Boomboom-Frontier/assets/Scripts/Ranking.ts as cce:/internal/x/cc.
15:52:29 debug: Resolve file:///Users/atticus/Desktop/Boom/Boomboom-Frontier/assets/Scripts/Select.ts from cce:/internal/x/prerequisite-imports as file:///Users/atticus/Desktop/Boom/Boomboom-Frontier/assets/Scripts/Select.ts.
15:52:29 debug: Resolve cc from file:///Users/atticus/Desktop/Boom/Boomboom-Frontier/assets/Scripts/Select.ts as cce:/internal/x/cc.
15:52:29 debug: Resolve cc from file:///Users/atticus/Desktop/Boom/Boomboom-Frontier/assets/Scripts/Select.ts as cce:/internal/x/cc.
15:52:29 debug: Resolve cc from file:///Users/atticus/Desktop/Boom/Boomboom-Frontier/assets/Scripts/Select.ts as cce:/internal/x/cc.
15:52:29 debug: Resolve file:///Users/atticus/Desktop/Boom/Boomboom-Frontier/assets/Scripts/Setting.ts from cce:/internal/x/prerequisite-imports as file:///Users/atticus/Desktop/Boom/Boomboom-Frontier/assets/Scripts/Setting.ts.
15:52:29 debug: Resolve cce:/internal/code-quality/cr.mjs from file:///Users/atticus/Desktop/Boom/Boomboom-Frontier/assets/Scripts/Setting.ts as cce:/internal/code-quality/cr.mjs.
15:52:29 debug: Resolve cc from file:///Users/atticus/Desktop/Boom/Boomboom-Frontier/assets/Scripts/Setting.ts as cce:/internal/x/cc.
15:52:29 debug: Resolve cc from file:///Users/atticus/Desktop/Boom/Boomboom-Frontier/assets/Scripts/Setting.ts as cce:/internal/x/cc.
15:52:29 debug: Resolve cc from file:///Users/atticus/Desktop/Boom/Boomboom-Frontier/assets/Scripts/Setting.ts as cce:/internal/x/cc.
15:52:29 debug: Resolve ./Select from file:///Users/atticus/Desktop/Boom/Boomboom-Frontier/assets/Scripts/Setting.ts as file:///Users/atticus/Desktop/Boom/Boomboom-Frontier/assets/Scripts/Select.ts.
15:52:29 debug: Resolve file:///Users/atticus/Desktop/Boom/Boomboom-Frontier/assets/Scripts/ZorderByY.ts from cce:/internal/x/prerequisite-imports as file:///Users/atticus/Desktop/Boom/Boomboom-Frontier/assets/Scripts/ZorderByY.ts.
15:52:29 debug: Resolve cc from file:///Users/atticus/Desktop/Boom/Boomboom-Frontier/assets/Scripts/ZorderByY.ts as cce:/internal/x/cc.
15:52:29 debug: Resolve cc from file:///Users/atticus/Desktop/Boom/Boomboom-Frontier/assets/Scripts/ZorderByY.ts as cce:/internal/x/cc.
15:52:29 debug: Resolve cc from file:///Users/atticus/Desktop/Boom/Boomboom-Frontier/assets/Scripts/ZorderByY.ts as cce:/internal/x/cc.
15:52:29 debug: Resolve file:///Users/atticus/Desktop/Boom/Boomboom-Frontier/assets/Scripts/menu.ts from cce:/internal/x/prerequisite-imports as file:///Users/atticus/Desktop/Boom/Boomboom-Frontier/assets/Scripts/menu.ts.
15:52:29 debug: Resolve cc from file:///Users/atticus/Desktop/Boom/Boomboom-Frontier/assets/Scripts/menu.ts as cce:/internal/x/cc.
15:52:29 debug: Resolve cc from file:///Users/atticus/Desktop/Boom/Boomboom-Frontier/assets/Scripts/menu.ts as cce:/internal/x/cc.
15:52:29 debug: Resolve cc from file:///Users/atticus/Desktop/Boom/Boomboom-Frontier/assets/Scripts/menu.ts as cce:/internal/x/cc.
15:52:29 debug: Resolve file:///Users/atticus/Desktop/Boom/Boomboom-Frontier/assets/Scripts/signIn.ts from cce:/internal/x/prerequisite-imports as file:///Users/atticus/Desktop/Boom/Boomboom-Frontier/assets/Scripts/signIn.ts.
15:52:29 debug: Resolve cc from file:///Users/atticus/Desktop/Boom/Boomboom-Frontier/assets/Scripts/signIn.ts as cce:/internal/x/cc.
15:52:29 debug: Resolve cc from file:///Users/atticus/Desktop/Boom/Boomboom-Frontier/assets/Scripts/signIn.ts as cce:/internal/x/cc.
15:52:29 debug: Resolve cc from file:///Users/atticus/Desktop/Boom/Boomboom-Frontier/assets/Scripts/signIn.ts as cce:/internal/x/cc.
15:52:29 debug: Resolve file:///Users/atticus/Desktop/Boom/Boomboom-Frontier/assets/Scripts/signUp.ts from cce:/internal/x/prerequisite-imports as file:///Users/atticus/Desktop/Boom/Boomboom-Frontier/assets/Scripts/signUp.ts.
15:52:29 debug: Resolve cc from file:///Users/atticus/Desktop/Boom/Boomboom-Frontier/assets/Scripts/signUp.ts as cce:/internal/x/cc.
15:52:29 debug: Resolve cc from file:///Users/atticus/Desktop/Boom/Boomboom-Frontier/assets/Scripts/signUp.ts as cce:/internal/x/cc.
15:52:29 debug: Resolve cc from file:///Users/atticus/Desktop/Boom/Boomboom-Frontier/assets/Scripts/signUp.ts as cce:/internal/x/cc.
15:52:29 debug: Target(editor) ends with cost 104.24262499809265ms.
15:52:29 debug: Target(preview) build started.
15:52:29 debug: Detected change: cce:/internal/x/cc. Last mtime: Thu Jan 01 1970 08:00:05 GMT+0800 (台北標準時間), Current mtime: Thu Jan 01 1970 08:00:06 GMT+0800 (台北標準時間)
15:52:29 debug: Inspect cce:/internal/x/cc
15:52:29 debug: Resolve cce:/internal/x/cc-fu/2d from cce:/internal/x/cc as external dependency cce:/internal/x/cc-fu/2d.
15:52:29 debug: Resolve cce:/internal/x/cc-fu/sorting from cce:/internal/x/cc as external dependency cce:/internal/x/cc-fu/sorting.
15:52:29 debug: Resolve cce:/internal/x/cc-fu/animation from cce:/internal/x/cc as external dependency cce:/internal/x/cc-fu/animation.
15:52:29 debug: Resolve cce:/internal/x/cc-fu/audio from cce:/internal/x/cc as external dependency cce:/internal/x/cc-fu/audio.
15:52:29 debug: Resolve cce:/internal/x/cc-fu/base from cce:/internal/x/cc as external dependency cce:/internal/x/cc-fu/base.
15:52:29 debug: Resolve cce:/internal/x/cc-fu/dragon-bones from cce:/internal/x/cc as external dependency cce:/internal/x/cc-fu/dragon-bones.
15:52:29 debug: Resolve cce:/internal/x/cc-fu/gfx-webgl from cce:/internal/x/cc as external dependency cce:/internal/x/cc-fu/gfx-webgl.
15:52:29 debug: Resolve cce:/internal/x/cc-fu/gfx-webgl2 from cce:/internal/x/cc as external dependency cce:/internal/x/cc-fu/gfx-webgl2.
15:52:29 debug: Resolve cce:/internal/x/cc-fu/intersection-2d from cce:/internal/x/cc as external dependency cce:/internal/x/cc-fu/intersection-2d.
15:52:29 debug: Resolve cce:/internal/x/cc-fu/particle-2d from cce:/internal/x/cc as external dependency cce:/internal/x/cc-fu/particle-2d.
15:52:29 debug: Resolve cce:/internal/x/cc-fu/physics-2d-box2d from cce:/internal/x/cc as external dependency cce:/internal/x/cc-fu/physics-2d-box2d.
15:52:29 debug: Resolve cce:/internal/x/cc-fu/physics-2d-framework from cce:/internal/x/cc as external dependency cce:/internal/x/cc-fu/physics-2d-framework.
15:52:29 debug: Resolve cce:/internal/x/cc-fu/profiler from cce:/internal/x/cc as external dependency cce:/internal/x/cc-fu/profiler.
15:52:29 debug: Resolve cce:/internal/x/cc-fu/spine from cce:/internal/x/cc as external dependency cce:/internal/x/cc-fu/spine.
15:52:29 debug: Resolve cce:/internal/x/cc-fu/tiled-map from cce:/internal/x/cc as external dependency cce:/internal/x/cc-fu/tiled-map.
15:52:29 debug: Resolve cce:/internal/x/cc-fu/tween from cce:/internal/x/cc as external dependency cce:/internal/x/cc-fu/tween.
15:52:29 debug: Resolve cce:/internal/x/cc-fu/ui from cce:/internal/x/cc as external dependency cce:/internal/x/cc-fu/ui.
15:52:29 debug: Resolve cce:/internal/x/cc-fu/video from cce:/internal/x/cc as external dependency cce:/internal/x/cc-fu/video.
15:52:29 debug: Resolve cce:/internal/x/cc-fu/webview from cce:/internal/x/cc as external dependency cce:/internal/x/cc-fu/webview.
15:52:29 debug: Detected change: cce:/internal/x/prerequisite-imports. Last mtime: Fri Jan 02 1970 02:53:35 GMT+0800 (台北標準時間), Current mtime: Thu Jan 01 1970 08:00:06 GMT+0800 (台北標準時間)
15:52:29 debug: Inspect cce:/internal/x/prerequisite-imports
15:52:29 debug: Resolve file:///Applications/Cocos/Creator/3.8.2/CocosCreator.app/Contents/Resources/resources/3d/engine/editor/assets/tools/debug-view-runtime-control.ts from cce:/internal/x/prerequisite-imports as file:///Applications/Cocos/Creator/3.8.2/CocosCreator.app/Contents/Resources/resources/3d/engine/editor/assets/tools/debug-view-runtime-control.ts.
15:52:29 debug: Resolve cc from file:///Applications/Cocos/Creator/3.8.2/CocosCreator.app/Contents/Resources/resources/3d/engine/editor/assets/tools/debug-view-runtime-control.ts as cce:/internal/x/cc.
15:52:29 debug: Resolve cc from file:///Applications/Cocos/Creator/3.8.2/CocosCreator.app/Contents/Resources/resources/3d/engine/editor/assets/tools/debug-view-runtime-control.ts as cce:/internal/x/cc.
15:52:29 debug: Resolve cc from file:///Applications/Cocos/Creator/3.8.2/CocosCreator.app/Contents/Resources/resources/3d/engine/editor/assets/tools/debug-view-runtime-control.ts as cce:/internal/x/cc.
15:52:29 debug: Resolve file:///Users/atticus/Desktop/Boom/Boomboom-Frontier/assets/Scripts/Bullet.ts from cce:/internal/x/prerequisite-imports as file:///Users/atticus/Desktop/Boom/Boomboom-Frontier/assets/Scripts/Bullet.ts.
15:52:29 debug: Resolve cce:/internal/code-quality/cr.mjs from file:///Users/atticus/Desktop/Boom/Boomboom-Frontier/assets/Scripts/Bullet.ts as cce:/internal/code-quality/cr.mjs.
15:52:29 debug: Detected change: cce:/internal/code-quality/cr.mjs. Last mtime: Mon Jun 03 2024 20:26:41 GMT+0800 (台北標準時間), Current mtime: Tue Jun 04 2024 15:52:22 GMT+0800 (台北標準時間)
15:52:29 debug: Inspect cce:/internal/code-quality/cr.mjs
15:52:29 debug: Resolve cc from file:///Users/atticus/Desktop/Boom/Boomboom-Frontier/assets/Scripts/Bullet.ts as cce:/internal/x/cc.
15:52:29 debug: Resolve cc from file:///Users/atticus/Desktop/Boom/Boomboom-Frontier/assets/Scripts/Bullet.ts as cce:/internal/x/cc.
15:52:29 debug: Resolve cc from file:///Users/atticus/Desktop/Boom/Boomboom-Frontier/assets/Scripts/Bullet.ts as cce:/internal/x/cc.
15:52:29 debug: Resolve ./Manager/PlayerManager from file:///Users/atticus/Desktop/Boom/Boomboom-Frontier/assets/Scripts/Bullet.ts as file:///Users/atticus/Desktop/Boom/Boomboom-Frontier/assets/Scripts/Manager/PlayerManager.ts.
15:52:29 debug: Resolve cce:/internal/code-quality/cr.mjs from file:///Users/atticus/Desktop/Boom/Boomboom-Frontier/assets/Scripts/Manager/PlayerManager.ts as cce:/internal/code-quality/cr.mjs.
15:52:29 debug: Resolve cc from file:///Users/atticus/Desktop/Boom/Boomboom-Frontier/assets/Scripts/Manager/PlayerManager.ts as cce:/internal/x/cc.
15:52:29 debug: Resolve cc from file:///Users/atticus/Desktop/Boom/Boomboom-Frontier/assets/Scripts/Manager/PlayerManager.ts as cce:/internal/x/cc.
15:52:29 debug: Resolve cc from file:///Users/atticus/Desktop/Boom/Boomboom-Frontier/assets/Scripts/Manager/PlayerManager.ts as cce:/internal/x/cc.
15:52:29 debug: Resolve ./GlobalManager from file:///Users/atticus/Desktop/Boom/Boomboom-Frontier/assets/Scripts/Manager/PlayerManager.ts as file:///Users/atticus/Desktop/Boom/Boomboom-Frontier/assets/Scripts/Manager/GlobalManager.ts.
15:52:29 debug: Resolve cc from file:///Users/atticus/Desktop/Boom/Boomboom-Frontier/assets/Scripts/Manager/GlobalManager.ts as cce:/internal/x/cc.
15:52:29 debug: Resolve cc from file:///Users/atticus/Desktop/Boom/Boomboom-Frontier/assets/Scripts/Manager/GlobalManager.ts as cce:/internal/x/cc.
15:52:29 debug: Resolve cc from file:///Users/atticus/Desktop/Boom/Boomboom-Frontier/assets/Scripts/Manager/GlobalManager.ts as cce:/internal/x/cc.
15:52:29 debug: Resolve ../PlayerPrefab from file:///Users/atticus/Desktop/Boom/Boomboom-Frontier/assets/Scripts/Manager/PlayerManager.ts as file:///Users/atticus/Desktop/Boom/Boomboom-Frontier/assets/Scripts/PlayerPrefab.ts.
15:52:29 debug: Resolve cce:/internal/code-quality/cr.mjs from file:///Users/atticus/Desktop/Boom/Boomboom-Frontier/assets/Scripts/PlayerPrefab.ts as cce:/internal/code-quality/cr.mjs.
15:52:29 debug: Resolve cc from file:///Users/atticus/Desktop/Boom/Boomboom-Frontier/assets/Scripts/PlayerPrefab.ts as cce:/internal/x/cc.
15:52:29 debug: Resolve cc from file:///Users/atticus/Desktop/Boom/Boomboom-Frontier/assets/Scripts/PlayerPrefab.ts as cce:/internal/x/cc.
15:52:29 debug: Resolve cc from file:///Users/atticus/Desktop/Boom/Boomboom-Frontier/assets/Scripts/PlayerPrefab.ts as cce:/internal/x/cc.
15:52:29 debug: Resolve ./Manager/GlobalManager from file:///Users/atticus/Desktop/Boom/Boomboom-Frontier/assets/Scripts/PlayerPrefab.ts as file:///Users/atticus/Desktop/Boom/Boomboom-Frontier/assets/Scripts/Manager/GlobalManager.ts.
15:52:29 debug: Resolve ./Manager/PlayerManager from file:///Users/atticus/Desktop/Boom/Boomboom-Frontier/assets/Scripts/PlayerPrefab.ts as file:///Users/atticus/Desktop/Boom/Boomboom-Frontier/assets/Scripts/Manager/PlayerManager.ts.
15:52:29 debug: Resolve ./Manager/PhotonManager from file:///Users/atticus/Desktop/Boom/Boomboom-Frontier/assets/Scripts/PlayerPrefab.ts as file:///Users/atticus/Desktop/Boom/Boomboom-Frontier/assets/Scripts/Manager/PhotonManager.ts.
15:52:29 debug: Resolve cce:/internal/code-quality/cr.mjs from file:///Users/atticus/Desktop/Boom/Boomboom-Frontier/assets/Scripts/Manager/PhotonManager.ts as cce:/internal/code-quality/cr.mjs.
15:52:29 debug: Resolve cc from file:///Users/atticus/Desktop/Boom/Boomboom-Frontier/assets/Scripts/Manager/PhotonManager.ts as cce:/internal/x/cc.
15:52:29 debug: Resolve cc from file:///Users/atticus/Desktop/Boom/Boomboom-Frontier/assets/Scripts/Manager/PhotonManager.ts as cce:/internal/x/cc.
15:52:29 debug: Resolve cc from file:///Users/atticus/Desktop/Boom/Boomboom-Frontier/assets/Scripts/Manager/PhotonManager.ts as cce:/internal/x/cc.
15:52:29 debug: Resolve ./PlayerManager from file:///Users/atticus/Desktop/Boom/Boomboom-Frontier/assets/Scripts/Manager/PhotonManager.ts as file:///Users/atticus/Desktop/Boom/Boomboom-Frontier/assets/Scripts/Manager/PlayerManager.ts.
15:52:29 debug: Resolve ../PlayerPrefab from file:///Users/atticus/Desktop/Boom/Boomboom-Frontier/assets/Scripts/Manager/PhotonManager.ts as file:///Users/atticus/Desktop/Boom/Boomboom-Frontier/assets/Scripts/PlayerPrefab.ts.
15:52:29 debug: Resolve ./Manager/GameManager from file:///Users/atticus/Desktop/Boom/Boomboom-Frontier/assets/Scripts/PlayerPrefab.ts as file:///Users/atticus/Desktop/Boom/Boomboom-Frontier/assets/Scripts/Manager/GameManager.ts.
15:52:29 debug: Resolve cce:/internal/code-quality/cr.mjs from file:///Users/atticus/Desktop/Boom/Boomboom-Frontier/assets/Scripts/Manager/GameManager.ts as cce:/internal/code-quality/cr.mjs.
15:52:29 debug: Resolve cc from file:///Users/atticus/Desktop/Boom/Boomboom-Frontier/assets/Scripts/Manager/GameManager.ts as cce:/internal/x/cc.
15:52:29 debug: Resolve cc from file:///Users/atticus/Desktop/Boom/Boomboom-Frontier/assets/Scripts/Manager/GameManager.ts as cce:/internal/x/cc.
15:52:29 debug: Resolve cc from file:///Users/atticus/Desktop/Boom/Boomboom-Frontier/assets/Scripts/Manager/GameManager.ts as cce:/internal/x/cc.
15:52:29 debug: Resolve ../PlayerPrefab from file:///Users/atticus/Desktop/Boom/Boomboom-Frontier/assets/Scripts/Manager/GameManager.ts as file:///Users/atticus/Desktop/Boom/Boomboom-Frontier/assets/Scripts/PlayerPrefab.ts.
15:52:29 debug: Resolve ../MultiRoom from file:///Users/atticus/Desktop/Boom/Boomboom-Frontier/assets/Scripts/Manager/PlayerManager.ts as file:///Users/atticus/Desktop/Boom/Boomboom-Frontier/assets/Scripts/MultiRoom.ts.
15:52:29 debug: Resolve cc from file:///Users/atticus/Desktop/Boom/Boomboom-Frontier/assets/Scripts/MultiRoom.ts as cce:/internal/x/cc.
15:52:29 debug: Resolve cc from file:///Users/atticus/Desktop/Boom/Boomboom-Frontier/assets/Scripts/MultiRoom.ts as cce:/internal/x/cc.
15:52:29 debug: Resolve cc from file:///Users/atticus/Desktop/Boom/Boomboom-Frontier/assets/Scripts/MultiRoom.ts as cce:/internal/x/cc.
15:52:29 debug: Resolve ../MultiSelect from file:///Users/atticus/Desktop/Boom/Boomboom-Frontier/assets/Scripts/Manager/PlayerManager.ts as file:///Users/atticus/Desktop/Boom/Boomboom-Frontier/assets/Scripts/MultiSelect.ts.
15:52:29 debug: Resolve cce:/internal/code-quality/cr.mjs from file:///Users/atticus/Desktop/Boom/Boomboom-Frontier/assets/Scripts/MultiSelect.ts as cce:/internal/code-quality/cr.mjs.
15:52:29 debug: Resolve cc from file:///Users/atticus/Desktop/Boom/Boomboom-Frontier/assets/Scripts/MultiSelect.ts as cce:/internal/x/cc.
15:52:29 debug: Resolve cc from file:///Users/atticus/Desktop/Boom/Boomboom-Frontier/assets/Scripts/MultiSelect.ts as cce:/internal/x/cc.
15:52:29 debug: Resolve cc from file:///Users/atticus/Desktop/Boom/Boomboom-Frontier/assets/Scripts/MultiSelect.ts as cce:/internal/x/cc.
15:52:29 debug: Resolve ./MultiRoom from file:///Users/atticus/Desktop/Boom/Boomboom-Frontier/assets/Scripts/MultiSelect.ts as file:///Users/atticus/Desktop/Boom/Boomboom-Frontier/assets/Scripts/MultiRoom.ts.
15:52:29 debug: Resolve ./Manager/PhotonManager from file:///Users/atticus/Desktop/Boom/Boomboom-Frontier/assets/Scripts/MultiSelect.ts as file:///Users/atticus/Desktop/Boom/Boomboom-Frontier/assets/Scripts/Manager/PhotonManager.ts.
15:52:29 debug: Resolve file:///Users/atticus/Desktop/Boom/Boomboom-Frontier/assets/Scripts/CameraFollow.ts from cce:/internal/x/prerequisite-imports as file:///Users/atticus/Desktop/Boom/Boomboom-Frontier/assets/Scripts/CameraFollow.ts.
15:52:29 debug: Resolve cce:/internal/code-quality/cr.mjs from file:///Users/atticus/Desktop/Boom/Boomboom-Frontier/assets/Scripts/CameraFollow.ts as cce:/internal/code-quality/cr.mjs.
15:52:29 debug: Resolve cc from file:///Users/atticus/Desktop/Boom/Boomboom-Frontier/assets/Scripts/CameraFollow.ts as cce:/internal/x/cc.
15:52:29 debug: Resolve cc from file:///Users/atticus/Desktop/Boom/Boomboom-Frontier/assets/Scripts/CameraFollow.ts as cce:/internal/x/cc.
15:52:29 debug: Resolve cc from file:///Users/atticus/Desktop/Boom/Boomboom-Frontier/assets/Scripts/CameraFollow.ts as cce:/internal/x/cc.
15:52:29 debug: Resolve ./Manager/GlobalManager from file:///Users/atticus/Desktop/Boom/Boomboom-Frontier/assets/Scripts/CameraFollow.ts as file:///Users/atticus/Desktop/Boom/Boomboom-Frontier/assets/Scripts/Manager/GlobalManager.ts.
15:52:29 debug: Resolve file:///Users/atticus/Desktop/Boom/Boomboom-Frontier/assets/Scripts/CreateUser.ts from cce:/internal/x/prerequisite-imports as file:///Users/atticus/Desktop/Boom/Boomboom-Frontier/assets/Scripts/CreateUser.ts.
15:52:29 debug: Resolve cc from file:///Users/atticus/Desktop/Boom/Boomboom-Frontier/assets/Scripts/CreateUser.ts as cce:/internal/x/cc.
15:52:29 debug: Resolve cc from file:///Users/atticus/Desktop/Boom/Boomboom-Frontier/assets/Scripts/CreateUser.ts as cce:/internal/x/cc.
15:52:29 debug: Resolve cc from file:///Users/atticus/Desktop/Boom/Boomboom-Frontier/assets/Scripts/CreateUser.ts as cce:/internal/x/cc.
15:52:29 debug: Resolve file:///Users/atticus/Desktop/Boom/Boomboom-Frontier/assets/Scripts/Manager/GameManager.ts from cce:/internal/x/prerequisite-imports as file:///Users/atticus/Desktop/Boom/Boomboom-Frontier/assets/Scripts/Manager/GameManager.ts.
15:52:29 debug: Resolve file:///Users/atticus/Desktop/Boom/Boomboom-Frontier/assets/Scripts/Manager/GlobalManager.ts from cce:/internal/x/prerequisite-imports as file:///Users/atticus/Desktop/Boom/Boomboom-Frontier/assets/Scripts/Manager/GlobalManager.ts.
15:52:29 debug: Resolve file:///Users/atticus/Desktop/Boom/Boomboom-Frontier/assets/Scripts/Manager/PhotonManager.ts from cce:/internal/x/prerequisite-imports as file:///Users/atticus/Desktop/Boom/Boomboom-Frontier/assets/Scripts/Manager/PhotonManager.ts.
15:52:29 debug: Resolve file:///Users/atticus/Desktop/Boom/Boomboom-Frontier/assets/Scripts/Manager/PlayerManager.ts from cce:/internal/x/prerequisite-imports as file:///Users/atticus/Desktop/Boom/Boomboom-Frontier/assets/Scripts/Manager/PlayerManager.ts.
15:52:29 debug: Resolve file:///Users/atticus/Desktop/Boom/Boomboom-Frontier/assets/Scripts/Manager/SelectPlayer.ts from cce:/internal/x/prerequisite-imports as file:///Users/atticus/Desktop/Boom/Boomboom-Frontier/assets/Scripts/Manager/SelectPlayer.ts.
15:52:29 debug: Resolve cce:/internal/code-quality/cr.mjs from file:///Users/atticus/Desktop/Boom/Boomboom-Frontier/assets/Scripts/Manager/SelectPlayer.ts as cce:/internal/code-quality/cr.mjs.
15:52:29 debug: Resolve cc from file:///Users/atticus/Desktop/Boom/Boomboom-Frontier/assets/Scripts/Manager/SelectPlayer.ts as cce:/internal/x/cc.
15:52:29 debug: Resolve cc from file:///Users/atticus/Desktop/Boom/Boomboom-Frontier/assets/Scripts/Manager/SelectPlayer.ts as cce:/internal/x/cc.
15:52:29 debug: Resolve cc from file:///Users/atticus/Desktop/Boom/Boomboom-Frontier/assets/Scripts/Manager/SelectPlayer.ts as cce:/internal/x/cc.
15:52:29 debug: Resolve ./GlobalManager from file:///Users/atticus/Desktop/Boom/Boomboom-Frontier/assets/Scripts/Manager/SelectPlayer.ts as file:///Users/atticus/Desktop/Boom/Boomboom-Frontier/assets/Scripts/Manager/GlobalManager.ts.
15:52:29 debug: Resolve file:///Users/atticus/Desktop/Boom/Boomboom-Frontier/assets/Scripts/MultiRoom.ts from cce:/internal/x/prerequisite-imports as file:///Users/atticus/Desktop/Boom/Boomboom-Frontier/assets/Scripts/MultiRoom.ts.
15:52:29 debug: Resolve file:///Users/atticus/Desktop/Boom/Boomboom-Frontier/assets/Scripts/MultiSelect.ts from cce:/internal/x/prerequisite-imports as file:///Users/atticus/Desktop/Boom/Boomboom-Frontier/assets/Scripts/MultiSelect.ts.
15:52:29 debug: Resolve file:///Users/atticus/Desktop/Boom/Boomboom-Frontier/assets/Scripts/PlayerPrefab.ts from cce:/internal/x/prerequisite-imports as file:///Users/atticus/Desktop/Boom/Boomboom-Frontier/assets/Scripts/PlayerPrefab.ts.
15:52:29 debug: Resolve file:///Users/atticus/Desktop/Boom/Boomboom-Frontier/assets/Scripts/Ranking.ts from cce:/internal/x/prerequisite-imports as file:///Users/atticus/Desktop/Boom/Boomboom-Frontier/assets/Scripts/Ranking.ts.
15:52:29 debug: Resolve cc from file:///Users/atticus/Desktop/Boom/Boomboom-Frontier/assets/Scripts/Ranking.ts as cce:/internal/x/cc.
15:52:29 debug: Resolve cc from file:///Users/atticus/Desktop/Boom/Boomboom-Frontier/assets/Scripts/Ranking.ts as cce:/internal/x/cc.
15:52:29 debug: Resolve cc from file:///Users/atticus/Desktop/Boom/Boomboom-Frontier/assets/Scripts/Ranking.ts as cce:/internal/x/cc.
15:52:29 debug: Resolve file:///Users/atticus/Desktop/Boom/Boomboom-Frontier/assets/Scripts/Select.ts from cce:/internal/x/prerequisite-imports as file:///Users/atticus/Desktop/Boom/Boomboom-Frontier/assets/Scripts/Select.ts.
15:52:29 debug: Resolve cc from file:///Users/atticus/Desktop/Boom/Boomboom-Frontier/assets/Scripts/Select.ts as cce:/internal/x/cc.
15:52:29 debug: Resolve cc from file:///Users/atticus/Desktop/Boom/Boomboom-Frontier/assets/Scripts/Select.ts as cce:/internal/x/cc.
15:52:29 debug: Resolve cc from file:///Users/atticus/Desktop/Boom/Boomboom-Frontier/assets/Scripts/Select.ts as cce:/internal/x/cc.
15:52:29 debug: Resolve file:///Users/atticus/Desktop/Boom/Boomboom-Frontier/assets/Scripts/Setting.ts from cce:/internal/x/prerequisite-imports as file:///Users/atticus/Desktop/Boom/Boomboom-Frontier/assets/Scripts/Setting.ts.
15:52:29 debug: Resolve cce:/internal/code-quality/cr.mjs from file:///Users/atticus/Desktop/Boom/Boomboom-Frontier/assets/Scripts/Setting.ts as cce:/internal/code-quality/cr.mjs.
15:52:29 debug: Resolve cc from file:///Users/atticus/Desktop/Boom/Boomboom-Frontier/assets/Scripts/Setting.ts as cce:/internal/x/cc.
15:52:29 debug: Resolve cc from file:///Users/atticus/Desktop/Boom/Boomboom-Frontier/assets/Scripts/Setting.ts as cce:/internal/x/cc.
15:52:29 debug: Resolve cc from file:///Users/atticus/Desktop/Boom/Boomboom-Frontier/assets/Scripts/Setting.ts as cce:/internal/x/cc.
15:52:29 debug: Resolve ./Select from file:///Users/atticus/Desktop/Boom/Boomboom-Frontier/assets/Scripts/Setting.ts as file:///Users/atticus/Desktop/Boom/Boomboom-Frontier/assets/Scripts/Select.ts.
15:52:29 debug: Resolve file:///Users/atticus/Desktop/Boom/Boomboom-Frontier/assets/Scripts/ZorderByY.ts from cce:/internal/x/prerequisite-imports as file:///Users/atticus/Desktop/Boom/Boomboom-Frontier/assets/Scripts/ZorderByY.ts.
15:52:29 debug: Resolve cc from file:///Users/atticus/Desktop/Boom/Boomboom-Frontier/assets/Scripts/ZorderByY.ts as cce:/internal/x/cc.
15:52:29 debug: Resolve cc from file:///Users/atticus/Desktop/Boom/Boomboom-Frontier/assets/Scripts/ZorderByY.ts as cce:/internal/x/cc.
15:52:29 debug: Resolve cc from file:///Users/atticus/Desktop/Boom/Boomboom-Frontier/assets/Scripts/ZorderByY.ts as cce:/internal/x/cc.
15:52:29 debug: Resolve file:///Users/atticus/Desktop/Boom/Boomboom-Frontier/assets/Scripts/menu.ts from cce:/internal/x/prerequisite-imports as file:///Users/atticus/Desktop/Boom/Boomboom-Frontier/assets/Scripts/menu.ts.
15:52:29 debug: Resolve cc from file:///Users/atticus/Desktop/Boom/Boomboom-Frontier/assets/Scripts/menu.ts as cce:/internal/x/cc.
15:52:29 debug: Resolve cc from file:///Users/atticus/Desktop/Boom/Boomboom-Frontier/assets/Scripts/menu.ts as cce:/internal/x/cc.
15:52:29 debug: Resolve cc from file:///Users/atticus/Desktop/Boom/Boomboom-Frontier/assets/Scripts/menu.ts as cce:/internal/x/cc.
15:52:29 debug: Resolve file:///Users/atticus/Desktop/Boom/Boomboom-Frontier/assets/Scripts/signIn.ts from cce:/internal/x/prerequisite-imports as file:///Users/atticus/Desktop/Boom/Boomboom-Frontier/assets/Scripts/signIn.ts.
15:52:29 debug: Resolve cc from file:///Users/atticus/Desktop/Boom/Boomboom-Frontier/assets/Scripts/signIn.ts as cce:/internal/x/cc.
15:52:29 debug: Resolve cc from file:///Users/atticus/Desktop/Boom/Boomboom-Frontier/assets/Scripts/signIn.ts as cce:/internal/x/cc.
15:52:29 debug: Resolve cc from file:///Users/atticus/Desktop/Boom/Boomboom-Frontier/assets/Scripts/signIn.ts as cce:/internal/x/cc.
15:52:29 debug: Resolve file:///Users/atticus/Desktop/Boom/Boomboom-Frontier/assets/Scripts/signUp.ts from cce:/internal/x/prerequisite-imports as file:///Users/atticus/Desktop/Boom/Boomboom-Frontier/assets/Scripts/signUp.ts.
15:52:29 debug: Resolve cc from file:///Users/atticus/Desktop/Boom/Boomboom-Frontier/assets/Scripts/signUp.ts as cce:/internal/x/cc.
15:52:29 debug: Resolve cc from file:///Users/atticus/Desktop/Boom/Boomboom-Frontier/assets/Scripts/signUp.ts as cce:/internal/x/cc.
15:52:29 debug: Resolve cc from file:///Users/atticus/Desktop/Boom/Boomboom-Frontier/assets/Scripts/signUp.ts as cce:/internal/x/cc.
15:52:29 debug: Target(preview) ends with cost 78.36279201507568ms.
15:52:29 debug: Pulling asset-db.
15:52:30 debug: Fetch asset-db cost: 1059.7518749833107ms.
15:52:30 debug: Build iteration starts.
Number of accumulated asset changes: 22
Feature changed: false
15:52:30 debug: Target(editor) build started.
15:52:30 debug: Detected change: cce:/internal/x/prerequisite-imports. Last mtime: Thu Jan 01 1970 08:00:06 GMT+0800 (台北標準時間), Current mtime: Thu Jan 01 1970 08:00:08 GMT+0800 (台北標準時間)
15:52:30 debug: Inspect cce:/internal/x/prerequisite-imports
15:52:30 debug: Resolve file:///Applications/Cocos/Creator/3.8.2/CocosCreator.app/Contents/Resources/resources/3d/engine/editor/assets/tools/debug-view-runtime-control.ts from cce:/internal/x/prerequisite-imports as file:///Applications/Cocos/Creator/3.8.2/CocosCreator.app/Contents/Resources/resources/3d/engine/editor/assets/tools/debug-view-runtime-control.ts.
15:52:31 debug: Resolve file:///Users/atticus/Desktop/Boom/Boomboom-Frontier/assets/Scripts/Bullet.ts from cce:/internal/x/prerequisite-imports as file:///Users/atticus/Desktop/Boom/Boomboom-Frontier/assets/Scripts/Bullet.ts.
15:52:31 debug: Resolve file:///Users/atticus/Desktop/Boom/Boomboom-Frontier/assets/Scripts/CameraFollow.ts from cce:/internal/x/prerequisite-imports as file:///Users/atticus/Desktop/Boom/Boomboom-Frontier/assets/Scripts/CameraFollow.ts.
15:52:31 debug: Resolve file:///Users/atticus/Desktop/Boom/Boomboom-Frontier/assets/Scripts/CreateUser.ts from cce:/internal/x/prerequisite-imports as file:///Users/atticus/Desktop/Boom/Boomboom-Frontier/assets/Scripts/CreateUser.ts.
15:52:31 debug: Resolve file:///Users/atticus/Desktop/Boom/Boomboom-Frontier/assets/Scripts/Manager/GameManager.ts from cce:/internal/x/prerequisite-imports as file:///Users/atticus/Desktop/Boom/Boomboom-Frontier/assets/Scripts/Manager/GameManager.ts.
15:52:31 debug: Resolve file:///Users/atticus/Desktop/Boom/Boomboom-Frontier/assets/Scripts/Manager/GlobalManager.ts from cce:/internal/x/prerequisite-imports as file:///Users/atticus/Desktop/Boom/Boomboom-Frontier/assets/Scripts/Manager/GlobalManager.ts.
15:52:31 debug: Resolve file:///Users/atticus/Desktop/Boom/Boomboom-Frontier/assets/Scripts/Manager/PhotonManager.ts from cce:/internal/x/prerequisite-imports as file:///Users/atticus/Desktop/Boom/Boomboom-Frontier/assets/Scripts/Manager/PhotonManager.ts.
15:52:31 debug: Resolve file:///Users/atticus/Desktop/Boom/Boomboom-Frontier/assets/Scripts/Manager/PlayerManager.ts from cce:/internal/x/prerequisite-imports as file:///Users/atticus/Desktop/Boom/Boomboom-Frontier/assets/Scripts/Manager/PlayerManager.ts.
15:52:31 debug: Resolve file:///Users/atticus/Desktop/Boom/Boomboom-Frontier/assets/Scripts/Manager/SelectPlayer.ts from cce:/internal/x/prerequisite-imports as file:///Users/atticus/Desktop/Boom/Boomboom-Frontier/assets/Scripts/Manager/SelectPlayer.ts.
15:52:31 debug: Resolve file:///Users/atticus/Desktop/Boom/Boomboom-Frontier/assets/Scripts/MultiRoom.ts from cce:/internal/x/prerequisite-imports as file:///Users/atticus/Desktop/Boom/Boomboom-Frontier/assets/Scripts/MultiRoom.ts.
15:52:31 debug: Resolve file:///Users/atticus/Desktop/Boom/Boomboom-Frontier/assets/Scripts/MultiSelect.ts from cce:/internal/x/prerequisite-imports as file:///Users/atticus/Desktop/Boom/Boomboom-Frontier/assets/Scripts/MultiSelect.ts.
15:52:31 debug: Resolve file:///Users/atticus/Desktop/Boom/Boomboom-Frontier/assets/Scripts/PlayerPrefab.ts from cce:/internal/x/prerequisite-imports as file:///Users/atticus/Desktop/Boom/Boomboom-Frontier/assets/Scripts/PlayerPrefab.ts.
15:52:31 debug: Resolve file:///Users/atticus/Desktop/Boom/Boomboom-Frontier/assets/Scripts/Ranking.ts from cce:/internal/x/prerequisite-imports as file:///Users/atticus/Desktop/Boom/Boomboom-Frontier/assets/Scripts/Ranking.ts.
15:52:31 debug: Resolve file:///Users/atticus/Desktop/Boom/Boomboom-Frontier/assets/Scripts/Select.ts from cce:/internal/x/prerequisite-imports as file:///Users/atticus/Desktop/Boom/Boomboom-Frontier/assets/Scripts/Select.ts.
15:52:31 debug: Resolve file:///Users/atticus/Desktop/Boom/Boomboom-Frontier/assets/Scripts/Setting.ts from cce:/internal/x/prerequisite-imports as file:///Users/atticus/Desktop/Boom/Boomboom-Frontier/assets/Scripts/Setting.ts.
15:52:31 debug: Resolve file:///Users/atticus/Desktop/Boom/Boomboom-Frontier/assets/Scripts/ZorderByY.ts from cce:/internal/x/prerequisite-imports as file:///Users/atticus/Desktop/Boom/Boomboom-Frontier/assets/Scripts/ZorderByY.ts.
15:52:31 debug: Resolve file:///Users/atticus/Desktop/Boom/Boomboom-Frontier/assets/Scripts/menu.ts from cce:/internal/x/prerequisite-imports as file:///Users/atticus/Desktop/Boom/Boomboom-Frontier/assets/Scripts/menu.ts.
15:52:31 debug: Resolve file:///Users/atticus/Desktop/Boom/Boomboom-Frontier/assets/Scripts/signIn.ts from cce:/internal/x/prerequisite-imports as file:///Users/atticus/Desktop/Boom/Boomboom-Frontier/assets/Scripts/signIn.ts.
15:52:31 debug: Resolve file:///Users/atticus/Desktop/Boom/Boomboom-Frontier/assets/Scripts/signUp.ts from cce:/internal/x/prerequisite-imports as file:///Users/atticus/Desktop/Boom/Boomboom-Frontier/assets/Scripts/signUp.ts.
15:52:31 debug: Target(editor) ends with cost 70.04454100131989ms.
15:52:31 debug: Target(preview) build started.
15:52:31 debug: Detected change: cce:/internal/x/prerequisite-imports. Last mtime: Thu Jan 01 1970 08:00:06 GMT+0800 (台北標準時間), Current mtime: Thu Jan 01 1970 08:00:08 GMT+0800 (台北標準時間)
15:52:31 debug: Inspect cce:/internal/x/prerequisite-imports
15:52:31 debug: Resolve file:///Applications/Cocos/Creator/3.8.2/CocosCreator.app/Contents/Resources/resources/3d/engine/editor/assets/tools/debug-view-runtime-control.ts from cce:/internal/x/prerequisite-imports as file:///Applications/Cocos/Creator/3.8.2/CocosCreator.app/Contents/Resources/resources/3d/engine/editor/assets/tools/debug-view-runtime-control.ts.
15:52:31 debug: Resolve file:///Users/atticus/Desktop/Boom/Boomboom-Frontier/assets/Scripts/Bullet.ts from cce:/internal/x/prerequisite-imports as file:///Users/atticus/Desktop/Boom/Boomboom-Frontier/assets/Scripts/Bullet.ts.
15:52:31 debug: Resolve file:///Users/atticus/Desktop/Boom/Boomboom-Frontier/assets/Scripts/CameraFollow.ts from cce:/internal/x/prerequisite-imports as file:///Users/atticus/Desktop/Boom/Boomboom-Frontier/assets/Scripts/CameraFollow.ts.
15:52:31 debug: Resolve file:///Users/atticus/Desktop/Boom/Boomboom-Frontier/assets/Scripts/CreateUser.ts from cce:/internal/x/prerequisite-imports as file:///Users/atticus/Desktop/Boom/Boomboom-Frontier/assets/Scripts/CreateUser.ts.
15:52:31 debug: Resolve file:///Users/atticus/Desktop/Boom/Boomboom-Frontier/assets/Scripts/Manager/GameManager.ts from cce:/internal/x/prerequisite-imports as file:///Users/atticus/Desktop/Boom/Boomboom-Frontier/assets/Scripts/Manager/GameManager.ts.
15:52:31 debug: Resolve file:///Users/atticus/Desktop/Boom/Boomboom-Frontier/assets/Scripts/Manager/GlobalManager.ts from cce:/internal/x/prerequisite-imports as file:///Users/atticus/Desktop/Boom/Boomboom-Frontier/assets/Scripts/Manager/GlobalManager.ts.
15:52:31 debug: Resolve file:///Users/atticus/Desktop/Boom/Boomboom-Frontier/assets/Scripts/Manager/PhotonManager.ts from cce:/internal/x/prerequisite-imports as file:///Users/atticus/Desktop/Boom/Boomboom-Frontier/assets/Scripts/Manager/PhotonManager.ts.
15:52:31 debug: Resolve file:///Users/atticus/Desktop/Boom/Boomboom-Frontier/assets/Scripts/Manager/PlayerManager.ts from cce:/internal/x/prerequisite-imports as file:///Users/atticus/Desktop/Boom/Boomboom-Frontier/assets/Scripts/Manager/PlayerManager.ts.
15:52:31 debug: Resolve file:///Users/atticus/Desktop/Boom/Boomboom-Frontier/assets/Scripts/Manager/SelectPlayer.ts from cce:/internal/x/prerequisite-imports as file:///Users/atticus/Desktop/Boom/Boomboom-Frontier/assets/Scripts/Manager/SelectPlayer.ts.
15:52:31 debug: Resolve file:///Users/atticus/Desktop/Boom/Boomboom-Frontier/assets/Scripts/MultiRoom.ts from cce:/internal/x/prerequisite-imports as file:///Users/atticus/Desktop/Boom/Boomboom-Frontier/assets/Scripts/MultiRoom.ts.
15:52:31 debug: Resolve file:///Users/atticus/Desktop/Boom/Boomboom-Frontier/assets/Scripts/MultiSelect.ts from cce:/internal/x/prerequisite-imports as file:///Users/atticus/Desktop/Boom/Boomboom-Frontier/assets/Scripts/MultiSelect.ts.
15:52:31 debug: Resolve file:///Users/atticus/Desktop/Boom/Boomboom-Frontier/assets/Scripts/PlayerPrefab.ts from cce:/internal/x/prerequisite-imports as file:///Users/atticus/Desktop/Boom/Boomboom-Frontier/assets/Scripts/PlayerPrefab.ts.
15:52:31 debug: Resolve file:///Users/atticus/Desktop/Boom/Boomboom-Frontier/assets/Scripts/Ranking.ts from cce:/internal/x/prerequisite-imports as file:///Users/atticus/Desktop/Boom/Boomboom-Frontier/assets/Scripts/Ranking.ts.
15:52:31 debug: Resolve file:///Users/atticus/Desktop/Boom/Boomboom-Frontier/assets/Scripts/Select.ts from cce:/internal/x/prerequisite-imports as file:///Users/atticus/Desktop/Boom/Boomboom-Frontier/assets/Scripts/Select.ts.
15:52:31 debug: Resolve file:///Users/atticus/Desktop/Boom/Boomboom-Frontier/assets/Scripts/Setting.ts from cce:/internal/x/prerequisite-imports as file:///Users/atticus/Desktop/Boom/Boomboom-Frontier/assets/Scripts/Setting.ts.
15:52:31 debug: Resolve file:///Users/atticus/Desktop/Boom/Boomboom-Frontier/assets/Scripts/ZorderByY.ts from cce:/internal/x/prerequisite-imports as file:///Users/atticus/Desktop/Boom/Boomboom-Frontier/assets/Scripts/ZorderByY.ts.
15:52:31 debug: Resolve file:///Users/atticus/Desktop/Boom/Boomboom-Frontier/assets/Scripts/menu.ts from cce:/internal/x/prerequisite-imports as file:///Users/atticus/Desktop/Boom/Boomboom-Frontier/assets/Scripts/menu.ts.
15:52:31 debug: Resolve file:///Users/atticus/Desktop/Boom/Boomboom-Frontier/assets/Scripts/signIn.ts from cce:/internal/x/prerequisite-imports as file:///Users/atticus/Desktop/Boom/Boomboom-Frontier/assets/Scripts/signIn.ts.
15:52:31 debug: Resolve file:///Users/atticus/Desktop/Boom/Boomboom-Frontier/assets/Scripts/signUp.ts from cce:/internal/x/prerequisite-imports as file:///Users/atticus/Desktop/Boom/Boomboom-Frontier/assets/Scripts/signUp.ts.
15:52:31 debug: Target(preview) ends with cost 328.25874999165535ms.
