2024-5-9 16:47:31-log: Cannot access game frame or container.
2024-5-9 16:47:31-debug: asset-db:require-engine-code (610ms)
2024-5-9 16:47:31-log: meshopt wasm decoder initialized
2024-5-9 16:47:31-log: [box2d]:box2d wasm lib loaded.
2024-5-9 16:47:32-log: [bullet]:bullet wasm lib loaded.
2024-5-9 16:47:32-log: Cocos Creator v3.8.2
2024-5-9 16:47:32-debug: [Assets Memory track]: asset-db-plugin-register: programming start:106.39MB, end 107.85MB, increase: 1.46MB
2024-5-9 16:47:34-debug: [Assets Memory track]: asset-db-plugin-enable: project start:108.06MB, end 205.64MB, increase: 97.58MB
2024-5-9 16:47:34-debug: [Assets Memory track]: asset-db:worker-init: initPlugin start:105.79MB, end 205.64MB, increase: 99.85MB
2024-5-9 16:47:32-debug: [Assets Memory track]: asset-db:worker-init: initEngine start:21.23MB, end 105.79MB, increase: 84.56MB
2024-5-9 16:47:34-debug: [Assets Memory track]: asset-db-plugin-enable: builder start:108.43MB, end 202.69MB, increase: 94.26MB
2024-5-9 16:47:34-debug: [Assets Memory track]: asset-db-plugin-register: engine-extends start:107.90MB, end 205.64MB, increase: 97.74MB
2024-5-9 16:47:34-debug: run package(lightmap) handler(enable) start
2024-5-9 16:47:34-debug: run package(package-asset) handler(enable) start
2024-5-9 16:47:34-debug: run package(package-asset) handler(enable) success!
2024-5-9 16:47:34-debug: run package(node-library) handler(enable) start
2024-5-9 16:47:34-debug: run package(process) handler(enable) success!
2024-5-9 16:47:34-debug: run package(reference-image) handler(enable) start
2024-5-9 16:47:34-debug: run package(process) handler(enable) start
2024-5-9 16:47:34-debug: run package(reflection-probe) handler(enable) start
2024-5-9 16:47:34-debug: run package(reflection-probe) handler(enable) success!
2024-5-9 16:47:34-debug: run package(reference-image) handler(enable) success!
2024-5-9 16:47:34-debug: run package(engine-extends) handler(enable) success!
2024-5-9 16:47:34-debug: run package(adsense-h5g-plugin) handler(enable) start
2024-5-9 16:47:34-debug: run package(adsense-h5g-plugin) handler(enable) success!
2024-5-9 16:47:34-debug: run package(node-library) handler(enable) success!
2024-5-9 16:47:34-debug: run package(alipay-mini-game) handler(enable) success!
2024-5-9 16:47:34-debug: run package(android) handler(enable) success!
2024-5-9 16:47:34-debug: run package(android) handler(enable) start
2024-5-9 16:47:34-debug: run package(bytedance-mini-game) handler(enable) start
2024-5-9 16:47:34-debug: run package(bytedance-mini-game) handler(enable) success!
2024-5-9 16:47:34-debug: run package(certificate) handler(enable) start
2024-5-9 16:47:34-debug: run package(certificate) handler(enable) success!
2024-5-9 16:47:34-debug: run package(channel-upload-tools) handler(enable) start
2024-5-9 16:47:34-debug: run package(channel-upload-tools) handler(enable) success!
2024-5-9 16:47:34-debug: run package(fb-instant-games) handler(enable) start
2024-5-9 16:47:34-debug: run package(fb-instant-games) handler(enable) success!
2024-5-9 16:47:34-debug: run package(huawei-agc) handler(enable) start
2024-5-9 16:47:34-debug: run package(huawei-agc) handler(enable) success!
2024-5-9 16:47:34-debug: run package(huawei-quick-game) handler(enable) start
2024-5-9 16:47:34-debug: run package(huawei-quick-game) handler(enable) success!
2024-5-9 16:47:34-debug: run package(ios) handler(enable) start
2024-5-9 16:47:34-debug: run package(ios) handler(enable) success!
2024-5-9 16:47:34-debug: run package(linux) handler(enable) start
2024-5-9 16:47:34-debug: run package(linux) handler(enable) success!
2024-5-9 16:47:34-debug: run package(mac) handler(enable) start
2024-5-9 16:47:34-debug: run package(mac) handler(enable) success!
2024-5-9 16:47:34-debug: run package(native) handler(enable) start
2024-5-9 16:47:34-debug: run package(native) handler(enable) success!
2024-5-9 16:47:34-debug: run package(ohos) handler(enable) start
2024-5-9 16:47:34-debug: run package(ohos) handler(enable) success!
2024-5-9 16:47:34-debug: run package(openharmony) handler(enable) start
2024-5-9 16:47:34-debug: run package(openharmony) handler(enable) success!
2024-5-9 16:47:34-debug: run package(oppo-mini-game) handler(enable) start
2024-5-9 16:47:34-debug: run package(oppo-mini-game) handler(enable) success!
2024-5-9 16:47:34-debug: run package(runtime-dev-tools) handler(enable) start
2024-5-9 16:47:34-debug: run package(runtime-dev-tools) handler(enable) success!
2024-5-9 16:47:34-debug: run package(taobao-creative-app) handler(enable) start
2024-5-9 16:47:34-debug: run package(taobao-creative-app) handler(enable) success!
2024-5-9 16:47:34-debug: run package(taobao-mini-game) handler(enable) start
2024-5-9 16:47:34-debug: run package(taobao-mini-game) handler(enable) success!
2024-5-9 16:47:34-debug: run package(vivo-mini-game) handler(enable) start
2024-5-9 16:47:34-debug: run package(vivo-mini-game) handler(enable) success!
2024-5-9 16:47:34-debug: run package(web-desktop) handler(enable) start
2024-5-9 16:47:34-debug: run package(web-desktop) handler(enable) success!
2024-5-9 16:47:34-debug: run package(web-mobile) handler(enable) start
2024-5-9 16:47:34-debug: run package(web-mobile) handler(enable) success!
2024-5-9 16:47:34-debug: run package(wechatgame) handler(enable) start
2024-5-9 16:47:34-debug: run package(wechatgame) handler(enable) success!
2024-5-9 16:47:34-debug: run package(wechatprogram) handler(enable) start
2024-5-9 16:47:34-debug: run package(wechatprogram) handler(enable) success!
2024-5-9 16:47:34-debug: run package(engine-extends) handler(enable) start
2024-5-9 16:47:34-debug: run package(windows) handler(enable) success!
2024-5-9 16:47:34-debug: run package(xiaomi-quick-game) handler(enable) start
2024-5-9 16:47:34-debug: run package(xiaomi-quick-game) handler(enable) success!
2024-5-9 16:47:34-debug: run package(cocos-service) handler(enable) start
2024-5-9 16:47:34-debug: run package(cocos-service) handler(enable) success!
2024-5-9 16:47:34-debug: run package(im-plugin) handler(enable) start
2024-5-9 16:47:34-debug: run package(im-plugin) handler(enable) success!
2024-5-9 16:47:34-debug: run package(fix-device) handler(enable) start
2024-5-9 16:47:34-debug: run package(fix-device) handler(enable) success!
2024-5-9 16:47:34-debug: run package(placeholder) handler(enable) start
2024-5-9 16:47:34-debug: run package(placeholder) handler(enable) success!
2024-5-9 16:47:34-debug: run package(lightmap) handler(enable) success!
2024-5-9 16:47:34-debug: run package(alipay-mini-game) handler(enable) start
2024-5-9 16:47:34-debug: run package(windows) handler(enable) start
2024-5-9 16:47:34-debug: asset-db:worker-init: initPlugin (1666ms)
2024-5-9 16:47:34-debug: [Assets Memory track]: asset-db:worker-init start:21.23MB, end 204.22MB, increase: 182.99MB
2024-5-9 16:47:34-debug: Run asset db hook engine-extends:beforePreStart ...
2024-5-9 16:47:34-debug: Run asset db hook programming:beforePreStart success!
2024-5-9 16:47:34-debug: Run asset db hook engine-extends:beforePreStart success!
2024-5-9 16:47:34-debug: Run asset db hook programming:beforePreStart ...
2024-5-9 16:47:34-debug: asset-db:worker-init (3282ms)
2024-5-9 16:47:34-debug: asset-db-hook-programming-beforePreStart (364ms)
2024-5-9 16:47:34-debug: asset-db-hook-engine-extends-beforePreStart (364ms)
2024-5-9 16:47:34-debug: Preimport db internal success
2024-5-9 16:47:34-debug: Run asset db hook programming:afterPreStart ...
2024-5-9 16:47:34-debug: starting packer-driver...
2024-5-9 16:47:34-debug: Preimport db assets success
2024-5-9 16:47:34-debug: initialize scripting environment...
2024-5-9 16:47:34-debug: Set detail map pack:///resolution-detail-map.json: {}
2024-5-9 16:47:34-debug: Run asset db hook engine-extends:afterPreStart success!
2024-5-9 16:47:34-debug: Run asset db hook programming:afterPreStart success!
2024-5-9 16:47:34-debug: Run asset db hook engine-extends:afterPreStart ...
2024-5-9 16:47:34-debug: Start up the 'internal' database...
2024-5-9 16:47:34-debug: asset-db-hook-programming-afterPreStart (176ms)
2024-5-9 16:47:34-debug: asset-db:worker-effect-data-processing (29ms)
2024-5-9 16:47:34-debug: asset-db-hook-engine-extends-afterPreStart (29ms)
2024-5-9 16:47:34-debug: Start up the 'assets' database...
2024-5-9 16:47:34-debug: asset-db:worker-startup-database[internal] (294ms)
2024-5-9 16:47:34-debug: asset-db:worker-startup-database[assets] (210ms)
2024-5-9 16:47:34-debug: asset-db:start-database (581ms)
2024-5-9 16:47:34-debug: asset-db:ready (5063ms)
2024-5-9 16:47:34-debug: init worker message success
2024-5-9 16:47:34-debug: programming:execute-script (3ms)
2024-5-9 16:47:35-debug: [Build Memory track]: builder:worker-init start:189.42MB, end 195.71MB, increase: 6.28MB
2024-5-9 16:47:35-debug: builder:worker-init (322ms)
2024-5-9 16:47:36-debug: programming:execute-script (3ms)
2024-5-9 16:47:38-debug: refresh db internal success
2024-5-9 16:47:38-debug: refresh db assets success
2024-5-9 16:47:38-debug: Run asset db hook engine-extends:afterRefresh ...
2024-5-9 16:47:38-debug: Run asset db hook engine-extends:afterRefresh success!
2024-5-9 16:47:38-debug: asset-db:refresh-all-database (45ms)
